2025-03-11 07:12:55.886: [INFO] VisibilityChanged: 0
2025-03-11 07:12:55.973: [INFO] RecordSyncInitDurationhas_sync_been_enabled: 0 state: 0
2025-03-11 07:12:55.974: [INFO] RecordSyncInitDurationhas_sync_been_enabled: 0 state: 0
2025-03-11 07:12:55.975: [INFO] RecordSyncInitDurationhas_sync_been_enabled: 0 state: 0
2025-03-11 07:12:55.975: [INFO] RecordSyncInitDurationhas_sync_been_enabled: 0 state: 0
2025-03-11 07:12:55.976: [INFO] RecordSyncInitDurationhas_sync_been_enabled: 0 state: 0
2025-03-11 07:12:55.977: [INFO] RecordSyncInitDurationhas_sync_been_enabled: 0 state: 0
2025-03-11 07:12:55.977: [INFO] RecordSyncInitDurationhas_sync_been_enabled: 0 state: 0
2025-03-11 07:12:55.978: [INFO] RecordSyncInitDurationhas_sync_been_enabled: 0 state: 0
2025-03-11 07:12:55.979: [INFO] RecordSyncInitDurationhas_sync_been_enabled: 0 state: 0
2025-03-11 07:12:55.979: [INFO] RecordSyncInitDurationhas_sync_been_enabled: 0 state: 0
2025-03-11 07:12:55.980: [INFO] RecordSyncInitDurationhas_sync_been_enabled: 0 state: 0
2025-03-11 07:12:55.999: [INFO] BookmarkModelLoaded, ids_reassigned: 0
2025-03-11 07:12:55.999: [INFO] BookmarkNodeAdded, ABU: 0
2025-03-11 07:12:55.999: [INFO] BookmarkNodeAdded, ABU: 0
2025-03-11 07:12:56.000: [INFO] BookmarkNodeAdded, ABU: 0
2025-03-11 07:12:56.000: [INFO] OnDoneLoading sync enabled: 0
2025-03-11 07:12:56.051: [INFO] RecordSyncInitDurationhas_sync_been_enabled: 0 state: 0
2025-03-11 07:12:56.265: [INFO] RecordSyncInitDurationhas_sync_been_enabled: 0 state: 3
2025-03-11 07:12:56.269: [INFO] Primary account changed.
2025-03-11 07:12:56.270: [INFO] OnPrimaryAccountChangedPrimaryAccountChangeEvent::Type::kSet
2025-03-11 07:12:56.273: [INFO] RecordSyncInitDurationhas_sync_been_enabled: 0 state: 3
2025-03-11 07:12:56.719: [INFO] RecordSyncInitDurationhas_sync_been_enabled: 0 state: 3
2025-03-11 07:13:07.432: [INFO] BookmarkNodeAdded, ABU: 0
2025-03-11 07:13:07.432: [INFO] BookmarkNodeAdded, ABU: 0
2025-03-11 07:13:07.432: [INFO] BookmarkNodeAdded, ABU: 0
2025-03-11 07:13:07.432: [INFO] BookmarkNodeAdded, ABU: 0
2025-03-11 07:13:07.433: [INFO] BookmarkNodeAdded, ABU: 0
2025-03-11 07:13:07.433: [INFO] BookmarkNodeAdded, ABU: 0
2025-03-11 07:13:07.433: [INFO] BookmarkNodeAdded, ABU: 0
2025-03-11 07:13:07.433: [INFO] BookmarkNodeAdded, ABU: 0
2025-03-11 07:13:07.433: [INFO] BookmarkNodeAdded, ABU: 0
2025-03-11 07:13:07.433: [INFO] BookmarkNodeAdded, ABU: 0
2025-03-11 07:13:07.433: [INFO] BookmarkNodeAdded, ABU: 0
2025-03-11 07:13:07.433: [INFO] BookmarkNodeAdded, ABU: 0
2025-03-11 07:13:07.433: [INFO] BookmarkNodeAdded, ABU: 0
2025-03-11 07:13:07.433: [INFO] BookmarkNodeAdded, ABU: 0
2025-03-11 07:13:07.434: [INFO] BookmarkNodeAdded, ABU: 0
2025-03-11 07:13:07.434: [INFO] BookmarkNodeAdded, ABU: 0
2025-03-11 07:13:07.434: [INFO] BookmarkNodeAdded, ABU: 0
2025-03-11 07:13:07.434: [INFO] BookmarkNodeAdded, ABU: 0
2025-03-11 07:13:07.434: [INFO] BookmarkNodeAdded, ABU: 0
2025-03-11 07:13:07.435: [INFO] BookmarkNodeAdded, ABU: 0
2025-03-11 07:13:07.435: [INFO] BookmarkNodeAdded, ABU: 0
2025-03-11 07:13:07.435: [INFO] BookmarkNodeAdded, ABU: 0
2025-03-11 07:13:07.435: [INFO] BookmarkNodeAdded, ABU: 0
2025-03-11 07:13:07.435: [INFO] BookmarkNodeAdded, ABU: 0
2025-03-11 07:13:07.435: [INFO] BookmarkNodeAdded, ABU: 0
2025-03-11 07:13:07.435: [INFO] BookmarkNodeAdded, ABU: 0
2025-03-11 07:13:07.435: [INFO] BookmarkNodeAdded, ABU: 0
2025-03-11 07:13:07.436: [INFO] BookmarkNodeAdded, ABU: 0
2025-03-11 07:13:07.436: [INFO] BookmarkNodeAdded, ABU: 0
2025-03-11 07:13:07.436: [INFO] BookmarkNodeAdded, ABU: 0
2025-03-11 07:13:07.436: [INFO] BookmarkNodeAdded, ABU: 0
2025-03-11 07:13:07.436: [INFO] BookmarkNodeAdded, ABU: 0
2025-03-11 07:13:07.436: [INFO] BookmarkNodeAdded, ABU: 0
2025-03-11 07:13:07.436: [INFO] BookmarkNodeAdded, ABU: 0
2025-03-11 07:13:07.436: [INFO] BookmarkNodeAdded, ABU: 0
2025-03-11 07:13:07.436: [INFO] BookmarkNodeAdded, ABU: 0
2025-03-11 07:13:07.437: [INFO] BookmarkNodeAdded, ABU: 0
2025-03-11 07:13:07.437: [INFO] BookmarkNodeAdded, ABU: 0
2025-03-11 07:13:07.437: [INFO] BookmarkNodeAdded, ABU: 0
2025-03-11 07:13:07.439: [INFO] BookmarkNodeAdded, ABU: 0
2025-03-11 07:13:07.440: [INFO] BookmarkNodeAdded, ABU: 0
2025-03-11 07:13:07.441: [INFO] BookmarkNodeAdded, ABU: 0
2025-03-11 07:13:07.442: [INFO] BookmarkNodeAdded, ABU: 0
2025-03-11 07:13:07.443: [INFO] BookmarkNodeAdded, ABU: 0
2025-03-11 07:13:07.444: [INFO] BookmarkNodeAdded, ABU: 0
2025-03-11 07:13:07.445: [INFO] BookmarkNodeAdded, ABU: 0
2025-03-11 07:13:07.446: [INFO] BookmarkNodeAdded, ABU: 0
2025-03-11 07:13:07.448: [INFO] BookmarkNodeAdded, ABU: 0
2025-03-11 07:13:07.449: [INFO] BookmarkNodeAdded, ABU: 0
2025-03-11 07:13:07.450: [INFO] BookmarkNodeAdded, ABU: 0
2025-03-11 07:13:07.451: [INFO] BookmarkNodeAdded, ABU: 0
2025-03-11 07:13:07.452: [INFO] BookmarkNodeAdded, ABU: 0
2025-03-11 07:13:07.454: [INFO] BookmarkNodeAdded, ABU: 0
2025-03-11 07:13:07.455: [INFO] BookmarkNodeAdded, ABU: 0
2025-03-11 07:13:07.457: [INFO] BookmarkNodeAdded, ABU: 0
2025-03-11 07:13:07.458: [INFO] BookmarkNodeAdded, ABU: 0
2025-03-11 07:13:07.459: [INFO] BookmarkNodeAdded, ABU: 0
2025-03-11 07:13:07.461: [INFO] BookmarkNodeAdded, ABU: 0
2025-03-11 07:13:07.462: [INFO] BookmarkNodeAdded, ABU: 0
2025-03-11 07:13:07.464: [INFO] BookmarkNodeAdded, ABU: 0
2025-03-11 07:13:07.465: [INFO] BookmarkNodeAdded, ABU: 0
2025-03-11 07:13:07.466: [INFO] BookmarkNodeAdded, ABU: 0
2025-03-11 07:13:07.467: [INFO] BookmarkNodeAdded, ABU: 0
2025-03-11 07:13:07.468: [INFO] BookmarkNodeAdded, ABU: 0
2025-03-11 07:13:07.470: [INFO] BookmarkNodeAdded, ABU: 0
2025-03-11 07:13:07.471: [INFO] BookmarkNodeAdded, ABU: 0
2025-03-11 07:13:07.473: [INFO] BookmarkNodeAdded, ABU: 0
2025-03-11 07:13:07.474: [INFO] BookmarkNodeAdded, ABU: 0
2025-03-11 07:13:07.476: [INFO] BookmarkNodeAdded, ABU: 0
2025-03-11 07:13:07.476: [INFO] BookmarkNodeAdded, ABU: 0
2025-03-11 07:13:07.476: [INFO] BookmarkNodeAdded, ABU: 0
2025-03-11 07:13:07.477: [INFO] BookmarkNodeAdded, ABU: 0
2025-03-11 07:13:07.477: [INFO] BookmarkNodeAdded, ABU: 0
2025-03-11 07:13:07.477: [INFO] BookmarkNodeAdded, ABU: 0
2025-03-11 07:13:07.477: [INFO] BookmarkNodeAdded, ABU: 0
2025-03-11 07:13:07.477: [INFO] BookmarkNodeAdded, ABU: 0
2025-03-11 07:13:07.477: [INFO] BookmarkNodeAdded, ABU: 0
2025-03-11 07:13:07.478: [INFO] BookmarkNodeAdded, ABU: 0
2025-03-11 07:14:02.014: [INFO] Sync initialization duration: 65045ms
