{"logTime": "0311/071324", "correlationVector":"HT37ElOvdn2mLDuar+5aB7.5","action":"GetUpdates Response", "result":"Success", "context":Received 250 update(s). cV=HT37ElOvdn2mLDuar+5aB7.0;server=akswtt005000030;cloudType=Consumer;environment=Prod_southeastasia_prod-s01-064-apac-southeastasia;migrationStage=NotStarted Some updates remain.}
{"logTime": "0311/071324", "correlationVector":"0qXw8fnGIPVASi6jHkZdln","action":"Initial GetUpdates", "result":"", "context":Reason: NEWLY_SUPPORTED_DATATYPE. cV=0qXw8fnGIPVASi6jHkZdln}
{"logTime": "0311/071327", "correlationVector":"0qXw8fnGIPVASi6jHkZdln.1","action":"SyncServerConnectionManagerRequest", "result":"SYNC_SERVER_OK", "context":{"environment":"Prod_southeastasia_prod-s01-064-apac-southeastasia", "migrationStage":"NotStarted", "server":"akswtt005000016"}}
{"logTime": "0311/071327", "correlationVector":"0qXw8fnGIPVASi6jHkZdln.2","action":"ProcessGetUpdates", "result":"Done", "context":{"dataType":"Extensions", "deleted":"0", "process_failed_to_decrypt":"0", "process_pending_decryption":"0", "process_success":"1", "total":"1"}}
{"logTime": "0311/071327", "correlationVector":"0qXw8fnGIPVASi6jHkZdln.3","action":"ProcessGetUpdates", "result":"Done", "context":{"dataType":"Sessions", "deleted":"180", "process_failed_to_decrypt":"0", "process_pending_decryption":"0", "process_success":"180", "total":"180"}}
{"logTime": "0311/071327", "correlationVector":"0qXw8fnGIPVASi6jHkZdln.4","action":"ProcessGetUpdates", "result":"Done", "context":{"dataType":"Edge Hub App Usage", "deleted":"56", "process_failed_to_decrypt":"0", "process_pending_decryption":"0", "process_success":"67", "total":"67"}}
{"logTime": "0311/071327", "correlationVector":"0qXw8fnGIPVASi6jHkZdln.5","action":"ProcessGetUpdates", "result":"Done", "context":{"dataType":"Edge Tab Group", "deleted":"2", "process_failed_to_decrypt":"0", "process_pending_decryption":"0", "process_success":"2", "total":"2"}}
{"logTime": "0311/071327", "correlationVector":"0qXw8fnGIPVASi6jHkZdln.6","action":"GetUpdates Response", "result":"Success", "context":Received 250 update(s). cV=0qXw8fnGIPVASi6jHkZdln.0;server=akswtt005000016;cloudType=Consumer;environment=Prod_southeastasia_prod-s01-064-apac-southeastasia;migrationStage=NotStarted Some updates remain.}
{"logTime": "0311/071327", "correlationVector":"Aon6cAQJnJpOXguuzBOsEt","action":"Initial GetUpdates", "result":"", "context":Reason: NEWLY_SUPPORTED_DATATYPE. cV=Aon6cAQJnJpOXguuzBOsEt}
{"logTime": "0311/071329", "correlationVector":"Aon6cAQJnJpOXguuzBOsEt.1","action":"SyncServerConnectionManagerRequest", "result":"SYNC_SERVER_OK", "context":{"environment":"Prod_southeastasia_prod-s01-064-apac-southeastasia", "migrationStage":"NotStarted", "server":"akswtt00500002l"}}
{"logTime": "0311/071329", "correlationVector":"Aon6cAQJnJpOXguuzBOsEt.2","action":"ProcessGetUpdates", "result":"Done", "context":{"dataType":"Sessions", "deleted":"207", "process_failed_to_decrypt":"0", "process_pending_decryption":"0", "process_success":"207", "total":"207"}}
{"logTime": "0311/071329", "correlationVector":"Aon6cAQJnJpOXguuzBOsEt.3","action":"ProcessGetUpdates", "result":"Done", "context":{"dataType":"Edge Hub App Usage", "deleted":"3", "process_failed_to_decrypt":"0", "process_pending_decryption":"0", "process_success":"41", "total":"41"}}
{"logTime": "0311/071329", "correlationVector":"Aon6cAQJnJpOXguuzBOsEt.4","action":"ProcessGetUpdates", "result":"Done", "context":{"dataType":"Edge Tab Group", "deleted":"2", "process_failed_to_decrypt":"0", "process_pending_decryption":"0", "process_success":"2", "total":"2"}}
{"logTime": "0311/071329", "correlationVector":"Aon6cAQJnJpOXguuzBOsEt.5","action":"GetUpdates Response", "result":"Success", "context":Received 250 update(s). cV=Aon6cAQJnJpOXguuzBOsEt.0;server=akswtt00500002l;cloudType=Consumer;environment=Prod_southeastasia_prod-s01-064-apac-southeastasia;migrationStage=NotStarted Some updates remain.}
{"logTime": "0311/071329", "correlationVector":"W+SXWc/SZPr0MVIwlWkVog","action":"Initial GetUpdates", "result":"", "context":Reason: NEWLY_SUPPORTED_DATATYPE. cV=W+SXWc/SZPr0MVIwlWkVog}
{"logTime": "0311/071330", "correlationVector":"W+SXWc/SZPr0MVIwlWkVog.1","action":"SyncServerConnectionManagerRequest", "result":"SYNC_SERVER_OK", "context":{"environment":"Prod_southeastasia_prod-s01-064-apac-southeastasia", "migrationStage":"NotStarted", "server":"akswtt00500000a"}}
{"logTime": "0311/071330", "correlationVector":"W+SXWc/SZPr0MVIwlWkVog.2","action":"ProcessGetUpdates", "result":"Done", "context":{"dataType":"Autofill", "deleted":"0", "process_failed_to_decrypt":"0", "process_pending_decryption":"0", "process_success":"1", "total":"1"}}
{"logTime": "0311/071330", "correlationVector":"W+SXWc/SZPr0MVIwlWkVog.3","action":"ProcessGetUpdates", "result":"Done", "context":{"dataType":"Extensions", "deleted":"0", "process_failed_to_decrypt":"0", "process_pending_decryption":"0", "process_success":"2", "total":"2"}}
{"logTime": "0311/071330", "correlationVector":"W+SXWc/SZPr0MVIwlWkVog.4","action":"ProcessGetUpdates", "result":"Done", "context":{"dataType":"Sessions", "deleted":"164", "process_failed_to_decrypt":"0", "process_pending_decryption":"0", "process_success":"164", "total":"164"}}
{"logTime": "0311/071330", "correlationVector":"W+SXWc/SZPr0MVIwlWkVog.5","action":"ProcessGetUpdates", "result":"Done", "context":{"dataType":"Extension settings", "deleted":"2", "process_failed_to_decrypt":"0", "process_pending_decryption":"0", "process_success":"2", "total":"2"}}
{"logTime": "0311/071330", "correlationVector":"W+SXWc/SZPr0MVIwlWkVog.6","action":"ProcessGetUpdates", "result":"Done", "context":{"dataType":"Edge Hub App Usage", "deleted":"70", "process_failed_to_decrypt":"0", "process_pending_decryption":"0", "process_success":"81", "total":"81"}}
{"logTime": "0311/071330", "correlationVector":"W+SXWc/SZPr0MVIwlWkVog.7","action":"GetUpdates Response", "result":"Success", "context":Received 250 update(s). cV=W+SXWc/SZPr0MVIwlWkVog.0;server=akswtt00500000a;cloudType=Consumer;environment=Prod_southeastasia_prod-s01-064-apac-southeastasia;migrationStage=NotStarted Some updates remain.}
{"logTime": "0311/071330", "correlationVector":"terUbOlqV0pMr9gTw23UsC","action":"Initial GetUpdates", "result":"", "context":Reason: NEWLY_SUPPORTED_DATATYPE. cV=terUbOlqV0pMr9gTw23UsC}
{"logTime": "0311/071333", "correlationVector":"terUbOlqV0pMr9gTw23UsC.1","action":"SyncServerConnectionManagerRequest", "result":"SYNC_SERVER_OK", "context":{"environment":"Prod_southeastasia_prod-s01-064-apac-southeastasia", "migrationStage":"NotStarted", "server":"akswtt005000001"}}
{"logTime": "0311/071333", "correlationVector":"terUbOlqV0pMr9gTw23UsC.2","action":"ProcessGetUpdates", "result":"Done", "context":{"dataType":"Extensions", "deleted":"0", "process_failed_to_decrypt":"0", "process_pending_decryption":"0", "process_success":"1", "total":"1"}}
{"logTime": "0311/071333", "correlationVector":"terUbOlqV0pMr9gTw23UsC.3","action":"ProcessGetUpdates", "result":"Done", "context":{"dataType":"Sessions", "deleted":"130", "process_failed_to_decrypt":"0", "process_pending_decryption":"0", "process_success":"130", "total":"130"}}
{"logTime": "0311/071333", "correlationVector":"terUbOlqV0pMr9gTw23UsC.4","action":"ProcessGetUpdates", "result":"Done", "context":{"dataType":"Extension settings", "deleted":"4", "process_failed_to_decrypt":"0", "process_pending_decryption":"0", "process_success":"7", "total":"7"}}
{"logTime": "0311/071333", "correlationVector":"terUbOlqV0pMr9gTw23UsC.5","action":"ProcessGetUpdates", "result":"Done", "context":{"dataType":"Edge Hub App Usage", "deleted":"104", "process_failed_to_decrypt":"0", "process_pending_decryption":"0", "process_success":"112", "total":"112"}}
{"logTime": "0311/071333", "correlationVector":"terUbOlqV0pMr9gTw23UsC.6","action":"GetUpdates Response", "result":"Success", "context":Received 250 update(s). cV=terUbOlqV0pMr9gTw23UsC.0;server=akswtt005000001;cloudType=Consumer;environment=Prod_southeastasia_prod-s01-064-apac-southeastasia;migrationStage=NotStarted Some updates remain.}
{"logTime": "0311/071333", "correlationVector":"HEzBAMfqa7VbF96807321u","action":"Initial GetUpdates", "result":"", "context":Reason: NEWLY_SUPPORTED_DATATYPE. cV=HEzBAMfqa7VbF96807321u}
{"logTime": "0311/071335", "correlationVector":"HEzBAMfqa7VbF96807321u.1","action":"SyncServerConnectionManagerRequest", "result":"SYNC_SERVER_OK", "context":{"environment":"Prod_southeastasia_prod-s01-064-apac-southeastasia", "migrationStage":"NotStarted", "server":"akswtt00500002t"}}
{"logTime": "0311/071335", "correlationVector":"HEzBAMfqa7VbF96807321u.2","action":"ProcessGetUpdates", "result":"Done", "context":{"dataType":"Autofill Profiles", "deleted":"0", "process_failed_to_decrypt":"0", "process_pending_decryption":"0", "process_success":"38", "total":"38"}}
{"logTime": "0311/071335", "correlationVector":"HEzBAMfqa7VbF96807321u.3","action":"ProcessGetUpdates", "result":"Done", "context":{"dataType":"Autofill", "deleted":"0", "process_failed_to_decrypt":"0", "process_pending_decryption":"0", "process_success":"203", "total":"203"}}
{"logTime": "0311/071335", "correlationVector":"HEzBAMfqa7VbF96807321u.4","action":"ProcessGetUpdates", "result":"Done", "context":{"dataType":"Sessions", "deleted":"9", "process_failed_to_decrypt":"0", "process_pending_decryption":"0", "process_success":"9", "total":"9"}}
{"logTime": "0311/071335", "correlationVector":"HEzBAMfqa7VbF96807321u.5","action":"GetUpdates Response", "result":"Success", "context":Received 250 update(s). cV=HEzBAMfqa7VbF96807321u.0;server=akswtt00500002t;cloudType=Consumer;environment=Prod_southeastasia_prod-s01-064-apac-southeastasia;migrationStage=NotStarted Some updates remain.}
{"logTime": "0311/071335", "correlationVector":"xMBVR82+dKBWumxSn0584w","action":"Initial GetUpdates", "result":"", "context":Reason: NEWLY_SUPPORTED_DATATYPE. cV=xMBVR82+dKBWumxSn0584w}
{"logTime": "0311/071337", "correlationVector":"xMBVR82+dKBWumxSn0584w.1","action":"SyncServerConnectionManagerRequest", "result":"SYNC_SERVER_OK", "context":{"environment":"Prod_southeastasia_prod-s01-064-apac-southeastasia", "migrationStage":"NotStarted", "server":"akswtt005000021"}}
{"logTime": "0311/071337", "correlationVector":"xMBVR82+dKBWumxSn0584w.2","action":"ProcessGetUpdates", "result":"Done", "context":{"dataType":"Autofill", "deleted":"0", "process_failed_to_decrypt":"0", "process_pending_decryption":"0", "process_success":"250", "total":"250"}}
{"logTime": "0311/071337", "correlationVector":"xMBVR82+dKBWumxSn0584w.3","action":"GetUpdates Response", "result":"Success", "context":Received 250 update(s). cV=xMBVR82+dKBWumxSn0584w.0;server=akswtt005000021;cloudType=Consumer;environment=Prod_southeastasia_prod-s01-064-apac-southeastasia;migrationStage=NotStarted Some updates remain.}
{"logTime": "0311/071337", "correlationVector":"MNmyntwq9K8EtKuatGYfPA","action":"Initial GetUpdates", "result":"", "context":Reason: NEWLY_SUPPORTED_DATATYPE. cV=MNmyntwq9K8EtKuatGYfPA}
{"logTime": "0311/071338", "correlationVector":"MNmyntwq9K8EtKuatGYfPA.1","action":"SyncServerConnectionManagerRequest", "result":"SYNC_SERVER_OK", "context":{"environment":"Prod_southeastasia_prod-s01-064-apac-southeastasia", "migrationStage":"NotStarted", "server":"akswtt005000008"}}
{"logTime": "0311/071338", "correlationVector":"MNmyntwq9K8EtKuatGYfPA.2","action":"ProcessGetUpdates", "result":"Done", "context":{"dataType":"Autofill", "deleted":"0", "process_failed_to_decrypt":"0", "process_pending_decryption":"0", "process_success":"250", "total":"250"}}
{"logTime": "0311/071338", "correlationVector":"MNmyntwq9K8EtKuatGYfPA.3","action":"GetUpdates Response", "result":"Success", "context":Received 250 update(s). cV=MNmyntwq9K8EtKuatGYfPA.0;server=akswtt005000008;cloudType=Consumer;environment=Prod_southeastasia_prod-s01-064-apac-southeastasia;migrationStage=NotStarted Some updates remain.}
{"logTime": "0311/071338", "correlationVector":"yy/PwW2UR2Li96STqofOgc","action":"Initial GetUpdates", "result":"", "context":Reason: NEWLY_SUPPORTED_DATATYPE. cV=yy/PwW2UR2Li96STqofOgc}
{"logTime": "0311/071340", "correlationVector":"yy/PwW2UR2Li96STqofOgc.1","action":"SyncServerConnectionManagerRequest", "result":"SYNC_SERVER_OK", "context":{"environment":"Prod_southeastasia_prod-s01-064-apac-southeastasia", "migrationStage":"NotStarted", "server":"akswtt005000020"}}
{"logTime": "0311/071340", "correlationVector":"yy/PwW2UR2Li96STqofOgc.2","action":"ProcessGetUpdates", "result":"Done", "context":{"dataType":"Autofill", "deleted":"0", "process_failed_to_decrypt":"0", "process_pending_decryption":"0", "process_success":"250", "total":"250"}}
{"logTime": "0311/071340", "correlationVector":"yy/PwW2UR2Li96STqofOgc.3","action":"GetUpdates Response", "result":"Success", "context":Received 250 update(s). cV=yy/PwW2UR2Li96STqofOgc.0;server=akswtt005000020;cloudType=Consumer;environment=Prod_southeastasia_prod-s01-064-apac-southeastasia;migrationStage=NotStarted Some updates remain.}
{"logTime": "0311/071340", "correlationVector":"NLSL+8She/FpwamvSoLEIt","action":"Initial GetUpdates", "result":"", "context":Reason: NEWLY_SUPPORTED_DATATYPE. cV=NLSL+8She/FpwamvSoLEIt}
{"logTime": "0311/071341", "correlationVector":"NLSL+8She/FpwamvSoLEIt.1","action":"SyncServerConnectionManagerRequest", "result":"SYNC_SERVER_OK", "context":{"environment":"Prod_southeastasia_prod-s01-064-apac-southeastasia", "migrationStage":"NotStarted", "server":"akswtt00500000p"}}
{"logTime": "0311/071341", "correlationVector":"NLSL+8She/FpwamvSoLEIt.2","action":"ProcessGetUpdates", "result":"Done", "context":{"dataType":"Autofill", "deleted":"0", "process_failed_to_decrypt":"0", "process_pending_decryption":"0", "process_success":"250", "total":"250"}}
{"logTime": "0311/071341", "correlationVector":"NLSL+8She/FpwamvSoLEIt.3","action":"GetUpdates Response", "result":"Success", "context":Received 250 update(s). cV=NLSL+8She/FpwamvSoLEIt.0;server=akswtt00500000p;cloudType=Consumer;environment=Prod_southeastasia_prod-s01-064-apac-southeastasia;migrationStage=NotStarted Some updates remain.}
{"logTime": "0311/071341", "correlationVector":"8/tEGg9JUtmHSnY3+6WLkH","action":"Initial GetUpdates", "result":"", "context":Reason: NEWLY_SUPPORTED_DATATYPE. cV=8/tEGg9JUtmHSnY3+6WLkH}
{"logTime": "0311/071343", "correlationVector":"8/tEGg9JUtmHSnY3+6WLkH.1","action":"SyncServerConnectionManagerRequest", "result":"SYNC_SERVER_OK", "context":{"environment":"Prod_southeastasia_prod-s01-064-apac-southeastasia", "migrationStage":"NotStarted", "server":"akswtt00500002a"}}
{"logTime": "0311/071343", "correlationVector":"8/tEGg9JUtmHSnY3+6WLkH.2","action":"ProcessGetUpdates", "result":"Done", "context":{"dataType":"Autofill", "deleted":"0", "process_failed_to_decrypt":"0", "process_pending_decryption":"0", "process_success":"250", "total":"250"}}
{"logTime": "0311/071343", "correlationVector":"8/tEGg9JUtmHSnY3+6WLkH.3","action":"GetUpdates Response", "result":"Success", "context":Received 250 update(s). cV=8/tEGg9JUtmHSnY3+6WLkH.0;server=akswtt00500002a;cloudType=Consumer;environment=Prod_southeastasia_prod-s01-064-apac-southeastasia;migrationStage=NotStarted Some updates remain.}
{"logTime": "0311/071343", "correlationVector":"dhKdiGaXpv091JcsBqhxcd","action":"Initial GetUpdates", "result":"", "context":Reason: NEWLY_SUPPORTED_DATATYPE. cV=dhKdiGaXpv091JcsBqhxcd}
{"logTime": "0311/071345", "correlationVector":"dhKdiGaXpv091JcsBqhxcd.1","action":"SyncServerConnectionManagerRequest", "result":"SYNC_SERVER_OK", "context":{"environment":"Prod_southeastasia_prod-s01-064-apac-southeastasia", "migrationStage":"NotStarted", "server":"akswtt00500002t"}}
{"logTime": "0311/071345", "correlationVector":"dhKdiGaXpv091JcsBqhxcd.2","action":"ProcessGetUpdates", "result":"Done", "context":{"dataType":"Autofill", "deleted":"0", "process_failed_to_decrypt":"0", "process_pending_decryption":"0", "process_success":"250", "total":"250"}}
{"logTime": "0311/071345", "correlationVector":"dhKdiGaXpv091JcsBqhxcd.3","action":"GetUpdates Response", "result":"Success", "context":Received 250 update(s). cV=dhKdiGaXpv091JcsBqhxcd.0;server=akswtt00500002t;cloudType=Consumer;environment=Prod_southeastasia_prod-s01-064-apac-southeastasia;migrationStage=NotStarted Some updates remain.}
{"logTime": "0311/071345", "correlationVector":"+lbd8MNo8nQXjN3c2Gb8Vv","action":"Initial GetUpdates", "result":"", "context":Reason: NEWLY_SUPPORTED_DATATYPE. cV=+lbd8MNo8nQXjN3c2Gb8Vv}
{"logTime": "0311/071347", "correlationVector":"+lbd8MNo8nQXjN3c2Gb8Vv.1","action":"SyncServerConnectionManagerRequest", "result":"SYNC_SERVER_OK", "context":{"environment":"Prod_southeastasia_prod-s01-064-apac-southeastasia", "migrationStage":"NotStarted", "server":"akswtt00500003i"}}
{"logTime": "0311/071347", "correlationVector":"+lbd8MNo8nQXjN3c2Gb8Vv.2","action":"ProcessGetUpdates", "result":"Done", "context":{"dataType":"Autofill", "deleted":"0", "process_failed_to_decrypt":"0", "process_pending_decryption":"0", "process_success":"235", "total":"235"}}
{"logTime": "0311/071347", "correlationVector":"+lbd8MNo8nQXjN3c2Gb8Vv.3","action":"ProcessGetUpdates", "result":"Done", "context":{"dataType":"Extensions", "deleted":"0", "process_failed_to_decrypt":"0", "process_pending_decryption":"0", "process_success":"1", "total":"1"}}
{"logTime": "0311/071347", "correlationVector":"+lbd8MNo8nQXjN3c2Gb8Vv.4","action":"ProcessGetUpdates", "result":"Done", "context":{"dataType":"Sessions", "deleted":"14", "process_failed_to_decrypt":"0", "process_pending_decryption":"0", "process_success":"14", "total":"14"}}
{"logTime": "0311/071347", "correlationVector":"+lbd8MNo8nQXjN3c2Gb8Vv.5","action":"GetUpdates Response", "result":"Success", "context":Received 250 update(s). cV=+lbd8MNo8nQXjN3c2Gb8Vv.0;server=akswtt00500003i;cloudType=Consumer;environment=Prod_southeastasia_prod-s01-064-apac-southeastasia;migrationStage=NotStarted Some updates remain.}
{"logTime": "0311/071347", "correlationVector":"kml0Ag6pgojBvgoV3Il+mQ","action":"Initial GetUpdates", "result":"", "context":Reason: NEWLY_SUPPORTED_DATATYPE. cV=kml0Ag6pgojBvgoV3Il+mQ}
{"logTime": "0311/071350", "correlationVector":"kml0Ag6pgojBvgoV3Il+mQ.1","action":"SyncServerConnectionManagerRequest", "result":"SYNC_SERVER_OK", "context":{"environment":"Prod_southeastasia_prod-s01-064-apac-southeastasia", "migrationStage":"NotStarted", "server":"akswtt005000001"}}
{"logTime": "0311/071350", "correlationVector":"kml0Ag6pgojBvgoV3Il+mQ.2","action":"ProcessGetUpdates", "result":"Done", "context":{"dataType":"Autofill Profiles", "deleted":"0", "process_failed_to_decrypt":"0", "process_pending_decryption":"0", "process_success":"3", "total":"3"}}
{"logTime": "0311/071350", "correlationVector":"kml0Ag6pgojBvgoV3Il+mQ.3","action":"ProcessGetUpdates", "result":"Done", "context":{"dataType":"Autofill", "deleted":"0", "process_failed_to_decrypt":"0", "process_pending_decryption":"0", "process_success":"46", "total":"46"}}
{"logTime": "0311/071350", "correlationVector":"kml0Ag6pgojBvgoV3Il+mQ.4","action":"ProcessGetUpdates", "result":"Done", "context":{"dataType":"Extensions", "deleted":"0", "process_failed_to_decrypt":"0", "process_pending_decryption":"0", "process_success":"1", "total":"1"}}
{"logTime": "0311/071350", "correlationVector":"kml0Ag6pgojBvgoV3Il+mQ.5","action":"ProcessGetUpdates", "result":"Done", "context":{"dataType":"Sessions", "deleted":"149", "process_failed_to_decrypt":"0", "process_pending_decryption":"0", "process_success":"149", "total":"149"}}
{"logTime": "0311/071350", "correlationVector":"kml0Ag6pgojBvgoV3Il+mQ.6","action":"ProcessGetUpdates", "result":"Done", "context":{"dataType":"Edge Hub App Usage", "deleted":"42", "process_failed_to_decrypt":"0", "process_pending_decryption":"0", "process_success":"51", "total":"51"}}
{"logTime": "0311/071350", "correlationVector":"kml0Ag6pgojBvgoV3Il+mQ.7","action":"GetUpdates Response", "result":"Success", "context":Received 250 update(s). cV=kml0Ag6pgojBvgoV3Il+mQ.0;server=akswtt005000001;cloudType=Consumer;environment=Prod_southeastasia_prod-s01-064-apac-southeastasia;migrationStage=NotStarted Some updates remain.}
{"logTime": "0311/071350", "correlationVector":"U4aNWe0XaX/NohU8tZ34HH","action":"Initial GetUpdates", "result":"", "context":Reason: NEWLY_SUPPORTED_DATATYPE. cV=U4aNWe0XaX/NohU8tZ34HH}
{"logTime": "0311/071352", "correlationVector":"U4aNWe0XaX/NohU8tZ34HH.1","action":"SyncServerConnectionManagerRequest", "result":"SYNC_SERVER_OK", "context":{"environment":"Prod_southeastasia_prod-s01-064-apac-southeastasia", "migrationStage":"NotStarted", "server":"akswtt00500002p"}}
{"logTime": "0311/071352", "correlationVector":"U4aNWe0XaX/NohU8tZ34HH.2","action":"ProcessGetUpdates", "result":"Done", "context":{"dataType":"Autofill Profiles", "deleted":"0", "process_failed_to_decrypt":"0", "process_pending_decryption":"0", "process_success":"5", "total":"5"}}
{"logTime": "0311/071352", "correlationVector":"U4aNWe0XaX/NohU8tZ34HH.3","action":"ProcessGetUpdates", "result":"Done", "context":{"dataType":"Autofill", "deleted":"0", "process_failed_to_decrypt":"0", "process_pending_decryption":"0", "process_success":"38", "total":"38"}}
{"logTime": "0311/071352", "correlationVector":"U4aNWe0XaX/NohU8tZ34HH.4","action":"ProcessGetUpdates", "result":"Done", "context":{"dataType":"Extensions", "deleted":"0", "process_failed_to_decrypt":"0", "process_pending_decryption":"0", "process_success":"1", "total":"1"}}
{"logTime": "0311/071352", "correlationVector":"U4aNWe0XaX/NohU8tZ34HH.5","action":"ProcessGetUpdates", "result":"Done", "context":{"dataType":"Sessions", "deleted":"184", "process_failed_to_decrypt":"0", "process_pending_decryption":"0", "process_success":"184", "total":"184"}}
{"logTime": "0311/071352", "correlationVector":"U4aNWe0XaX/NohU8tZ34HH.6","action":"ProcessGetUpdates", "result":"Done", "context":{"dataType":"Extension settings", "deleted":"0", "process_failed_to_decrypt":"0", "process_pending_decryption":"0", "process_success":"1", "total":"1"}}
{"logTime": "0311/071352", "correlationVector":"U4aNWe0XaX/NohU8tZ34HH.7","action":"ProcessGetUpdates", "result":"Done", "context":{"dataType":"Edge Hub App Usage", "deleted":"9", "process_failed_to_decrypt":"0", "process_pending_decryption":"0", "process_success":"19", "total":"19"}}
{"logTime": "0311/071352", "correlationVector":"U4aNWe0XaX/NohU8tZ34HH.8","action":"ProcessGetUpdates", "result":"Done", "context":{"dataType":"Edge Tab Group", "deleted":"1", "process_failed_to_decrypt":"0", "process_pending_decryption":"0", "process_success":"2", "total":"2"}}
{"logTime": "0311/071352", "correlationVector":"U4aNWe0XaX/NohU8tZ34HH.9","action":"GetUpdates Response", "result":"Success", "context":Received 250 update(s). cV=U4aNWe0XaX/NohU8tZ34HH.0;server=akswtt00500002p;cloudType=Consumer;environment=Prod_southeastasia_prod-s01-064-apac-southeastasia;migrationStage=NotStarted Some updates remain.}
{"logTime": "0311/071352", "correlationVector":"5avnWq7Foc5mtb/t9IBZ3I","action":"Initial GetUpdates", "result":"", "context":Reason: NEWLY_SUPPORTED_DATATYPE. cV=5avnWq7Foc5mtb/t9IBZ3I}
{"logTime": "0311/071356", "correlationVector":"5avnWq7Foc5mtb/t9IBZ3I.1","action":"SyncServerConnectionManagerRequest", "result":"SYNC_SERVER_OK", "context":{"environment":"Prod_southeastasia_prod-s01-064-apac-southeastasia", "migrationStage":"NotStarted", "server":"akswtt005000008"}}
{"logTime": "0311/071356", "correlationVector":"5avnWq7Foc5mtb/t9IBZ3I.2","action":"ProcessGetUpdates", "result":"Done", "context":{"dataType":"Autofill", "deleted":"0", "process_failed_to_decrypt":"0", "process_pending_decryption":"0", "process_success":"25", "total":"25"}}
{"logTime": "0311/071356", "correlationVector":"5avnWq7Foc5mtb/t9IBZ3I.3","action":"ProcessGetUpdates", "result":"Done", "context":{"dataType":"Sessions", "deleted":"183", "process_failed_to_decrypt":"0", "process_pending_decryption":"0", "process_success":"183", "total":"183"}}
{"logTime": "0311/071356", "correlationVector":"5avnWq7Foc5mtb/t9IBZ3I.4","action":"ProcessGetUpdates", "result":"Done", "context":{"dataType":"History Delete Directives", "deleted":"0", "process_failed_to_decrypt":"0", "process_pending_decryption":"0", "process_success":"3", "total":"3"}}
{"logTime": "0311/071356", "correlationVector":"5avnWq7Foc5mtb/t9IBZ3I.5","action":"ProcessGetUpdates", "result":"Done", "context":{"dataType":"Edge Hub App Usage", "deleted":"18", "process_failed_to_decrypt":"0", "process_pending_decryption":"0", "process_success":"39", "total":"39"}}
{"logTime": "0311/071356", "correlationVector":"5avnWq7Foc5mtb/t9IBZ3I.6","action":"GetUpdates Response", "result":"Success", "context":Received 250 update(s). cV=5avnWq7Foc5mtb/t9IBZ3I.0;server=akswtt005000008;cloudType=Consumer;environment=Prod_southeastasia_prod-s01-064-apac-southeastasia;migrationStage=NotStarted Some updates remain.}
{"logTime": "0311/071356", "correlationVector":"zi7lt0ISU3F3zjfJNw6mnS","action":"Initial GetUpdates", "result":"", "context":Reason: NEWLY_SUPPORTED_DATATYPE. cV=zi7lt0ISU3F3zjfJNw6mnS}
{"logTime": "0311/071358", "correlationVector":"zi7lt0ISU3F3zjfJNw6mnS.1","action":"SyncServerConnectionManagerRequest", "result":"SYNC_SERVER_OK", "context":{"environment":"Prod_southeastasia_prod-s01-064-apac-southeastasia", "migrationStage":"NotStarted", "server":"akswtt005000020"}}
{"logTime": "0311/071358", "correlationVector":"zi7lt0ISU3F3zjfJNw6mnS.2","action":"ProcessGetUpdates", "result":"Done", "context":{"dataType":"Autofill Profiles", "deleted":"0", "process_failed_to_decrypt":"0", "process_pending_decryption":"0", "process_success":"3", "total":"3"}}
{"logTime": "0311/071358", "correlationVector":"zi7lt0ISU3F3zjfJNw6mnS.3","action":"ProcessGetUpdates", "result":"Done", "context":{"dataType":"Autofill", "deleted":"0", "process_failed_to_decrypt":"0", "process_pending_decryption":"0", "process_success":"25", "total":"25"}}
{"logTime": "0311/071358", "correlationVector":"zi7lt0ISU3F3zjfJNw6mnS.4","action":"ProcessGetUpdates", "result":"Done", "context":{"dataType":"Extensions", "deleted":"0", "process_failed_to_decrypt":"0", "process_pending_decryption":"0", "process_success":"4", "total":"4"}}
{"logTime": "0311/071358", "correlationVector":"zi7lt0ISU3F3zjfJNw6mnS.5","action":"ProcessGetUpdates", "result":"Done", "context":{"dataType":"Sessions", "deleted":"157", "process_failed_to_decrypt":"0", "process_pending_decryption":"0", "process_success":"157", "total":"157"}}
{"logTime": "0311/071358", "correlationVector":"zi7lt0ISU3F3zjfJNw6mnS.6","action":"ProcessGetUpdates", "result":"Done", "context":{"dataType":"Edge Hub App Usage", "deleted":"31", "process_failed_to_decrypt":"0", "process_pending_decryption":"0", "process_success":"61", "total":"61"}}
{"logTime": "0311/071358", "correlationVector":"zi7lt0ISU3F3zjfJNw6mnS.7","action":"GetUpdates Response", "result":"Success", "context":Received 250 update(s). cV=zi7lt0ISU3F3zjfJNw6mnS.0;server=akswtt005000020;cloudType=Consumer;environment=Prod_southeastasia_prod-s01-064-apac-southeastasia;migrationStage=NotStarted Some updates remain.}
{"logTime": "0311/071358", "correlationVector":"rtEyq732Vchr5oDfJAv4v0","action":"Initial GetUpdates", "result":"", "context":Reason: NEWLY_SUPPORTED_DATATYPE. cV=rtEyq732Vchr5oDfJAv4v0}
{"logTime": "0311/071359", "correlationVector":"rtEyq732Vchr5oDfJAv4v0.1","action":"SyncServerConnectionManagerRequest", "result":"SYNC_SERVER_OK", "context":{"environment":"Prod_southeastasia_prod-s01-064-apac-southeastasia", "migrationStage":"NotStarted", "server":"akswtt00500000a"}}
{"logTime": "0311/071359", "correlationVector":"rtEyq732Vchr5oDfJAv4v0.2","action":"ProcessGetUpdates", "result":"Done", "context":{"dataType":"Autofill Profiles", "deleted":"0", "process_failed_to_decrypt":"0", "process_pending_decryption":"0", "process_success":"2", "total":"2"}}
{"logTime": "0311/071359", "correlationVector":"rtEyq732Vchr5oDfJAv4v0.3","action":"ProcessGetUpdates", "result":"Done", "context":{"dataType":"Autofill", "deleted":"0", "process_failed_to_decrypt":"0", "process_pending_decryption":"0", "process_success":"16", "total":"16"}}
{"logTime": "0311/071359", "correlationVector":"rtEyq732Vchr5oDfJAv4v0.4","action":"ProcessGetUpdates", "result":"Done", "context":{"dataType":"Sessions", "deleted":"196", "process_failed_to_decrypt":"0", "process_pending_decryption":"0", "process_success":"198", "total":"198"}}
{"logTime": "0311/071359", "correlationVector":"rtEyq732Vchr5oDfJAv4v0.5","action":"ProcessGetUpdates", "result":"Done", "context":{"dataType":"Edge Hub App Usage", "deleted":"15", "process_failed_to_decrypt":"0", "process_pending_decryption":"0", "process_success":"34", "total":"34"}}
{"logTime": "0311/071359", "correlationVector":"rtEyq732Vchr5oDfJAv4v0.6","action":"GetUpdates Response", "result":"Success", "context":Received 250 update(s). cV=rtEyq732Vchr5oDfJAv4v0.0;server=akswtt00500000a;cloudType=Consumer;environment=Prod_southeastasia_prod-s01-064-apac-southeastasia;migrationStage=NotStarted Some updates remain.}
{"logTime": "0311/071359", "correlationVector":"6hkHX0Wy4qDSzARzApWQYn","action":"Initial GetUpdates", "result":"", "context":Reason: NEWLY_SUPPORTED_DATATYPE. cV=6hkHX0Wy4qDSzARzApWQYn}
{"logTime": "0311/071400", "correlationVector":"6hkHX0Wy4qDSzARzApWQYn.1","action":"SyncServerConnectionManagerRequest", "result":"SYNC_SERVER_OK", "context":{"environment":"Prod_southeastasia_prod-s01-064-apac-southeastasia", "migrationStage":"NotStarted", "server":"akswtt00500000a"}}
{"logTime": "0311/071400", "correlationVector":"6hkHX0Wy4qDSzARzApWQYn.2","action":"ProcessGetUpdates", "result":"Done", "context":{"dataType":"Autofill", "deleted":"0", "process_failed_to_decrypt":"0", "process_pending_decryption":"0", "process_success":"14", "total":"14"}}
{"logTime": "0311/071400", "correlationVector":"6hkHX0Wy4qDSzARzApWQYn.3","action":"ProcessGetUpdates", "result":"Done", "context":{"dataType":"Extensions", "deleted":"0", "process_failed_to_decrypt":"0", "process_pending_decryption":"0", "process_success":"1", "total":"1"}}
{"logTime": "0311/071400", "correlationVector":"6hkHX0Wy4qDSzARzApWQYn.4","action":"ProcessGetUpdates", "result":"Done", "context":{"dataType":"Sessions", "deleted":"174", "process_failed_to_decrypt":"0", "process_pending_decryption":"0", "process_success":"199", "total":"199"}}
{"logTime": "0311/071400", "correlationVector":"6hkHX0Wy4qDSzARzApWQYn.5","action":"ProcessGetUpdates", "result":"Done", "context":{"dataType":"Edge Hub App Usage", "deleted":"14", "process_failed_to_decrypt":"0", "process_pending_decryption":"0", "process_success":"36", "total":"36"}}
{"logTime": "0311/071400", "correlationVector":"6hkHX0Wy4qDSzARzApWQYn.6","action":"GetUpdates Response", "result":"Success", "context":Received 250 update(s). cV=6hkHX0Wy4qDSzARzApWQYn.0;server=akswtt00500000a;cloudType=Consumer;environment=Prod_southeastasia_prod-s01-064-apac-southeastasia;migrationStage=NotStarted Some updates remain.}
{"logTime": "0311/071400", "correlationVector":"YRDPB2nJcB6iUIciLmnptq","action":"Initial GetUpdates", "result":"", "context":Reason: NEWLY_SUPPORTED_DATATYPE. cV=YRDPB2nJcB6iUIciLmnptq}
{"logTime": "0311/071401", "correlationVector":"YRDPB2nJcB6iUIciLmnptq.1","action":"SyncServerConnectionManagerRequest", "result":"SYNC_SERVER_OK", "context":{"environment":"Prod_southeastasia_prod-s01-064-apac-southeastasia", "migrationStage":"NotStarted", "server":"akswtt005000016"}}
{"logTime": "0311/071401", "correlationVector":"YRDPB2nJcB6iUIciLmnptq.2","action":"ProcessGetUpdates", "result":"Done", "context":{"dataType":"Sessions", "deleted":"90", "process_failed_to_decrypt":"0", "process_pending_decryption":"0", "process_success":"107", "total":"107"}}
{"logTime": "0311/071401", "correlationVector":"YRDPB2nJcB6iUIciLmnptq.3","action":"ProcessGetUpdates", "result":"Done", "context":{"dataType":"Edge Hub App Usage", "deleted":"30", "process_failed_to_decrypt":"0", "process_pending_decryption":"0", "process_success":"39", "total":"39"}}
{"logTime": "0311/071401", "correlationVector":"YRDPB2nJcB6iUIciLmnptq.4","action":"GetUpdates Response", "result":"Success", "context":Received 146 update(s). cV=YRDPB2nJcB6iUIciLmnptq.0;server=akswtt005000016;cloudType=Consumer;environment=Prod_southeastasia_prod-s01-064-apac-southeastasia;migrationStage=NotStarted}
{"logTime": "0311/071402", "correlationVector":"F4t/zxNQ8b3dW423PRQS2o","action":"Initial GetUpdates", "result":"", "context":Reason: NEWLY_SUPPORTED_DATATYPE. cV=F4t/zxNQ8b3dW423PRQS2o}
{"logTime": "0311/071403", "correlationVector":"F4t/zxNQ8b3dW423PRQS2o.1","action":"SyncServerConnectionManagerRequest", "result":"SYNC_SERVER_OK", "context":{"environment":"Prod_southeastasia_prod-s01-064-apac-southeastasia", "migrationStage":"NotStarted", "server":"akswtt00500003u"}}
{"logTime": "0311/071403", "correlationVector":"F4t/zxNQ8b3dW423PRQS2o.2","action":"ProcessGetUpdates", "result":"Done", "context":{"dataType":"History", "deleted":"0", "process_failed_to_decrypt":"0", "process_pending_decryption":"0", "process_success":"250", "total":"250"}}
{"logTime": "0311/071403", "correlationVector":"F4t/zxNQ8b3dW423PRQS2o.3","action":"GetUpdates Response", "result":"Success", "context":Received 250 update(s). cV=F4t/zxNQ8b3dW423PRQS2o.0;server=akswtt00500003u;cloudType=Consumer;environment=Prod_southeastasia_prod-s01-064-apac-southeastasia;migrationStage=NotStarted Some updates remain.}
{"logTime": "0311/071403", "correlationVector":"SNPJ4MESqEzRuyNJWYfR0T","action":"Initial GetUpdates", "result":"", "context":Reason: NEWLY_SUPPORTED_DATATYPE. cV=SNPJ4MESqEzRuyNJWYfR0T}
{"logTime": "0311/071405", "correlationVector":"SNPJ4MESqEzRuyNJWYfR0T.1","action":"SyncServerConnectionManagerRequest", "result":"SYNC_SERVER_OK", "context":{"environment":"Prod_southeastasia_prod-s01-064-apac-southeastasia", "migrationStage":"NotStarted", "server":"akswtt00500002t"}}
{"logTime": "0311/071405", "correlationVector":"SNPJ4MESqEzRuyNJWYfR0T.2","action":"ProcessGetUpdates", "result":"Done", "context":{"dataType":"History", "deleted":"0", "process_failed_to_decrypt":"0", "process_pending_decryption":"0", "process_success":"250", "total":"250"}}
{"logTime": "0311/071405", "correlationVector":"SNPJ4MESqEzRuyNJWYfR0T.3","action":"GetUpdates Response", "result":"Success", "context":Received 250 update(s). cV=SNPJ4MESqEzRuyNJWYfR0T.0;server=akswtt00500002t;cloudType=Consumer;environment=Prod_southeastasia_prod-s01-064-apac-southeastasia;migrationStage=NotStarted Some updates remain.}
{"logTime": "0311/071405", "correlationVector":"AlJVUv6OrcHXusxj4yP2aw","action":"Initial GetUpdates", "result":"", "context":Reason: NEWLY_SUPPORTED_DATATYPE. cV=AlJVUv6OrcHXusxj4yP2aw}
{"logTime": "0311/071407", "correlationVector":"AlJVUv6OrcHXusxj4yP2aw.1","action":"SyncServerConnectionManagerRequest", "result":"SYNC_SERVER_OK", "context":{"environment":"Prod_southeastasia_prod-s01-064-apac-southeastasia", "migrationStage":"NotStarted", "server":"akswtt00500000i"}}
{"logTime": "0311/071407", "correlationVector":"AlJVUv6OrcHXusxj4yP2aw.2","action":"ProcessGetUpdates", "result":"Done", "context":{"dataType":"History", "deleted":"0", "process_failed_to_decrypt":"0", "process_pending_decryption":"0", "process_success":"250", "total":"250"}}
{"logTime": "0311/071407", "correlationVector":"AlJVUv6OrcHXusxj4yP2aw.3","action":"GetUpdates Response", "result":"Success", "context":Received 250 update(s). cV=AlJVUv6OrcHXusxj4yP2aw.0;server=akswtt00500000i;cloudType=Consumer;environment=Prod_southeastasia_prod-s01-064-apac-southeastasia;migrationStage=NotStarted Some updates remain.}
{"logTime": "0311/071407", "correlationVector":"mF+EW+ZQ96RWGPMEt1/Gfj","action":"Initial GetUpdates", "result":"", "context":Reason: NEWLY_SUPPORTED_DATATYPE. cV=mF+EW+ZQ96RWGPMEt1/Gfj}
{"logTime": "0311/071409", "correlationVector":"mF+EW+ZQ96RWGPMEt1/Gfj.1","action":"SyncServerConnectionManagerRequest", "result":"SYNC_SERVER_OK", "context":{"environment":"Prod_southeastasia_prod-s01-064-apac-southeastasia", "migrationStage":"NotStarted", "server":"akswtt00500001f"}}
{"logTime": "0311/071409", "correlationVector":"mF+EW+ZQ96RWGPMEt1/Gfj.2","action":"ProcessGetUpdates", "result":"Done", "context":{"dataType":"History", "deleted":"0", "process_failed_to_decrypt":"0", "process_pending_decryption":"0", "process_success":"250", "total":"250"}}
{"logTime": "0311/071409", "correlationVector":"mF+EW+ZQ96RWGPMEt1/Gfj.3","action":"GetUpdates Response", "result":"Success", "context":Received 250 update(s). cV=mF+EW+ZQ96RWGPMEt1/Gfj.0;server=akswtt00500001f;cloudType=Consumer;environment=Prod_southeastasia_prod-s01-064-apac-southeastasia;migrationStage=NotStarted Some updates remain.}
{"logTime": "0311/071409", "correlationVector":"U6VG82cIvhat2QfYCGOrEx","action":"Initial GetUpdates", "result":"", "context":Reason: NEWLY_SUPPORTED_DATATYPE. cV=U6VG82cIvhat2QfYCGOrEx}
{"logTime": "0311/071411", "correlationVector":"U6VG82cIvhat2QfYCGOrEx.1","action":"SyncServerConnectionManagerRequest", "result":"SYNC_SERVER_OK", "context":{"environment":"Prod_southeastasia_prod-s01-064-apac-southeastasia", "migrationStage":"NotStarted", "server":"akswtt00500001z"}}
{"logTime": "0311/071411", "correlationVector":"U6VG82cIvhat2QfYCGOrEx.2","action":"ProcessGetUpdates", "result":"Done", "context":{"dataType":"History", "deleted":"0", "process_failed_to_decrypt":"0", "process_pending_decryption":"0", "process_success":"250", "total":"250"}}
{"logTime": "0311/071411", "correlationVector":"U6VG82cIvhat2QfYCGOrEx.3","action":"GetUpdates Response", "result":"Success", "context":Received 250 update(s). cV=U6VG82cIvhat2QfYCGOrEx.0;server=akswtt00500001z;cloudType=Consumer;environment=Prod_southeastasia_prod-s01-064-apac-southeastasia;migrationStage=NotStarted Some updates remain.}
{"logTime": "0311/071411", "correlationVector":"tssLj0zA+QrstEx41BdjoN","action":"Initial GetUpdates", "result":"", "context":Reason: NEWLY_SUPPORTED_DATATYPE. cV=tssLj0zA+QrstEx41BdjoN}
{"logTime": "0311/071412", "correlationVector":"tssLj0zA+QrstEx41BdjoN.1","action":"SyncServerConnectionManagerRequest", "result":"SYNC_SERVER_OK", "context":{"environment":"Prod_southeastasia_prod-s01-064-apac-southeastasia", "migrationStage":"NotStarted", "server":"akswtt00500001f"}}
{"logTime": "0311/071412", "correlationVector":"tssLj0zA+QrstEx41BdjoN.2","action":"ProcessGetUpdates", "result":"Done", "context":{"dataType":"History", "deleted":"0", "process_failed_to_decrypt":"0", "process_pending_decryption":"0", "process_success":"250", "total":"250"}}
{"logTime": "0311/071412", "correlationVector":"tssLj0zA+QrstEx41BdjoN.3","action":"GetUpdates Response", "result":"Success", "context":Received 250 update(s). cV=tssLj0zA+QrstEx41BdjoN.0;server=akswtt00500001f;cloudType=Consumer;environment=Prod_southeastasia_prod-s01-064-apac-southeastasia;migrationStage=NotStarted Some updates remain.}
{"logTime": "0311/071412", "correlationVector":"3VJU1srZ2UmajiSAyagWiE","action":"Initial GetUpdates", "result":"", "context":Reason: NEWLY_SUPPORTED_DATATYPE. cV=3VJU1srZ2UmajiSAyagWiE}
{"logTime": "0311/071413", "correlationVector":"3VJU1srZ2UmajiSAyagWiE.1","action":"SyncServerConnectionManagerRequest", "result":"SYNC_SERVER_OK", "context":{"environment":"Prod_southeastasia_prod-s01-064-apac-southeastasia", "migrationStage":"NotStarted", "server":"akswtt00500003i"}}
{"logTime": "0311/071413", "correlationVector":"3VJU1srZ2UmajiSAyagWiE.2","action":"ProcessGetUpdates", "result":"Done", "context":{"dataType":"History", "deleted":"0", "process_failed_to_decrypt":"0", "process_pending_decryption":"0", "process_success":"250", "total":"250"}}
{"logTime": "0311/071413", "correlationVector":"3VJU1srZ2UmajiSAyagWiE.3","action":"GetUpdates Response", "result":"Success", "context":Received 250 update(s). cV=3VJU1srZ2UmajiSAyagWiE.0;server=akswtt00500003i;cloudType=Consumer;environment=Prod_southeastasia_prod-s01-064-apac-southeastasia;migrationStage=NotStarted Some updates remain.}
{"logTime": "0311/071413", "correlationVector":"k+oSIuOK3CdCovq8q5Ezne","action":"Initial GetUpdates", "result":"", "context":Reason: NEWLY_SUPPORTED_DATATYPE. cV=k+oSIuOK3CdCovq8q5Ezne}
{"logTime": "0311/071414", "correlationVector":"k+oSIuOK3CdCovq8q5Ezne.1","action":"SyncServerConnectionManagerRequest", "result":"SYNC_SERVER_OK", "context":{"environment":"Prod_southeastasia_prod-s01-064-apac-southeastasia", "migrationStage":"NotStarted", "server":"akswtt005000020"}}
{"logTime": "0311/071415", "correlationVector":"k+oSIuOK3CdCovq8q5Ezne.2","action":"ProcessGetUpdates", "result":"Done", "context":{"dataType":"History", "deleted":"0", "process_failed_to_decrypt":"0", "process_pending_decryption":"0", "process_success":"250", "total":"250"}}
{"logTime": "0311/071415", "correlationVector":"k+oSIuOK3CdCovq8q5Ezne.3","action":"GetUpdates Response", "result":"Success", "context":Received 250 update(s). cV=k+oSIuOK3CdCovq8q5Ezne.0;server=akswtt005000020;cloudType=Consumer;environment=Prod_southeastasia_prod-s01-064-apac-southeastasia;migrationStage=NotStarted Some updates remain.}
{"logTime": "0311/071415", "correlationVector":"AOWIyIzPJyY6iYPPwu57Ro","action":"Initial GetUpdates", "result":"", "context":Reason: NEWLY_SUPPORTED_DATATYPE. cV=AOWIyIzPJyY6iYPPwu57Ro}
{"logTime": "0311/071416", "correlationVector":"AOWIyIzPJyY6iYPPwu57Ro.1","action":"SyncServerConnectionManagerRequest", "result":"SYNC_SERVER_OK", "context":{"environment":"Prod_southeastasia_prod-s01-064-apac-southeastasia", "migrationStage":"NotStarted", "server":"akswtt00500000l"}}
{"logTime": "0311/071416", "correlationVector":"AOWIyIzPJyY6iYPPwu57Ro.2","action":"ProcessGetUpdates", "result":"Done", "context":{"dataType":"History", "deleted":"0", "process_failed_to_decrypt":"0", "process_pending_decryption":"0", "process_success":"250", "total":"250"}}
{"logTime": "0311/071416", "correlationVector":"AOWIyIzPJyY6iYPPwu57Ro.3","action":"GetUpdates Response", "result":"Success", "context":Received 250 update(s). cV=AOWIyIzPJyY6iYPPwu57Ro.0;server=akswtt00500000l;cloudType=Consumer;environment=Prod_southeastasia_prod-s01-064-apac-southeastasia;migrationStage=NotStarted Some updates remain.}
{"logTime": "0311/071416", "correlationVector":"6uvax6NWUog87DS4EMUPMv","action":"Initial GetUpdates", "result":"", "context":Reason: NEWLY_SUPPORTED_DATATYPE. cV=6uvax6NWUog87DS4EMUPMv}
{"logTime": "0311/071417", "correlationVector":"6uvax6NWUog87DS4EMUPMv.1","action":"SyncServerConnectionManagerRequest", "result":"SYNC_SERVER_OK", "context":{"environment":"Prod_southeastasia_prod-s01-064-apac-southeastasia", "migrationStage":"NotStarted", "server":"akswtt00500002a"}}
{"logTime": "0311/071417", "correlationVector":"6uvax6NWUog87DS4EMUPMv.2","action":"ProcessGetUpdates", "result":"Done", "context":{"dataType":"History", "deleted":"0", "process_failed_to_decrypt":"0", "process_pending_decryption":"0", "process_success":"250", "total":"250"}}
{"logTime": "0311/071417", "correlationVector":"6uvax6NWUog87DS4EMUPMv.3","action":"GetUpdates Response", "result":"Success", "context":Received 250 update(s). cV=6uvax6NWUog87DS4EMUPMv.0;server=akswtt00500002a;cloudType=Consumer;environment=Prod_southeastasia_prod-s01-064-apac-southeastasia;migrationStage=NotStarted Some updates remain.}
{"logTime": "0311/071417", "correlationVector":"hgA42OLzylOWf2pSLm5TXY","action":"Initial GetUpdates", "result":"", "context":Reason: NEWLY_SUPPORTED_DATATYPE. cV=hgA42OLzylOWf2pSLm5TXY}
{"logTime": "0311/071419", "correlationVector":"hgA42OLzylOWf2pSLm5TXY.1","action":"SyncServerConnectionManagerRequest", "result":"SYNC_SERVER_OK", "context":{"environment":"Prod_southeastasia_prod-s01-064-apac-southeastasia", "migrationStage":"NotStarted", "server":"akswtt00500000l"}}
{"logTime": "0311/071419", "correlationVector":"hgA42OLzylOWf2pSLm5TXY.2","action":"ProcessGetUpdates", "result":"Done", "context":{"dataType":"History", "deleted":"0", "process_failed_to_decrypt":"0", "process_pending_decryption":"0", "process_success":"250", "total":"250"}}
{"logTime": "0311/071419", "correlationVector":"hgA42OLzylOWf2pSLm5TXY.3","action":"GetUpdates Response", "result":"Success", "context":Received 250 update(s). cV=hgA42OLzylOWf2pSLm5TXY.0;server=akswtt00500000l;cloudType=Consumer;environment=Prod_southeastasia_prod-s01-064-apac-southeastasia;migrationStage=NotStarted Some updates remain.}
{"logTime": "0311/071419", "correlationVector":"w7oCxp1+yTEeBeG2Bk4ih/","action":"Initial GetUpdates", "result":"", "context":Reason: NEWLY_SUPPORTED_DATATYPE. cV=w7oCxp1+yTEeBeG2Bk4ih/}
{"logTime": "0311/071420", "correlationVector":"w7oCxp1+yTEeBeG2Bk4ih/.1","action":"SyncServerConnectionManagerRequest", "result":"SYNC_SERVER_OK", "context":{"environment":"Prod_southeastasia_prod-s01-064-apac-southeastasia", "migrationStage":"NotStarted", "server":"akswtt00500000i"}}
{"logTime": "0311/071420", "correlationVector":"w7oCxp1+yTEeBeG2Bk4ih/.2","action":"ProcessGetUpdates", "result":"Done", "context":{"dataType":"History", "deleted":"0", "process_failed_to_decrypt":"0", "process_pending_decryption":"0", "process_success":"250", "total":"250"}}
{"logTime": "0311/071420", "correlationVector":"w7oCxp1+yTEeBeG2Bk4ih/.3","action":"GetUpdates Response", "result":"Success", "context":Received 250 update(s). cV=w7oCxp1+yTEeBeG2Bk4ih/.0;server=akswtt00500000i;cloudType=Consumer;environment=Prod_southeastasia_prod-s01-064-apac-southeastasia;migrationStage=NotStarted Some updates remain.}
{"logTime": "0311/071420", "correlationVector":"sUPCm8dFC99cvX+0UWDJmT","action":"Initial GetUpdates", "result":"", "context":Reason: NEWLY_SUPPORTED_DATATYPE. cV=sUPCm8dFC99cvX+0UWDJmT}
{"logTime": "0311/071421", "correlationVector":"sUPCm8dFC99cvX+0UWDJmT.1","action":"SyncServerConnectionManagerRequest", "result":"SYNC_SERVER_OK", "context":{"environment":"Prod_southeastasia_prod-s01-064-apac-southeastasia", "migrationStage":"NotStarted", "server":"akswtt00500001f"}}
{"logTime": "0311/071421", "correlationVector":"sUPCm8dFC99cvX+0UWDJmT.2","action":"ProcessGetUpdates", "result":"Done", "context":{"dataType":"History", "deleted":"0", "process_failed_to_decrypt":"0", "process_pending_decryption":"0", "process_success":"250", "total":"250"}}
{"logTime": "0311/071421", "correlationVector":"sUPCm8dFC99cvX+0UWDJmT.3","action":"GetUpdates Response", "result":"Success", "context":Received 250 update(s). cV=sUPCm8dFC99cvX+0UWDJmT.0;server=akswtt00500001f;cloudType=Consumer;environment=Prod_southeastasia_prod-s01-064-apac-southeastasia;migrationStage=NotStarted Some updates remain.}
{"logTime": "0311/071421", "correlationVector":"j/+WqXO81K/MV7jdMdRooi","action":"Initial GetUpdates", "result":"", "context":Reason: NEWLY_SUPPORTED_DATATYPE. cV=j/+WqXO81K/MV7jdMdRooi}
{"logTime": "0311/071422", "correlationVector":"j/+WqXO81K/MV7jdMdRooi.1","action":"SyncServerConnectionManagerRequest", "result":"SYNC_SERVER_OK", "context":{"environment":"Prod_southeastasia_prod-s01-064-apac-southeastasia", "migrationStage":"NotStarted", "server":"akswtt00500000a"}}
{"logTime": "0311/071422", "correlationVector":"j/+WqXO81K/MV7jdMdRooi.2","action":"ProcessGetUpdates", "result":"Done", "context":{"dataType":"History", "deleted":"0", "process_failed_to_decrypt":"0", "process_pending_decryption":"0", "process_success":"250", "total":"250"}}
{"logTime": "0311/071422", "correlationVector":"j/+WqXO81K/MV7jdMdRooi.3","action":"GetUpdates Response", "result":"Success", "context":Received 250 update(s). cV=j/+WqXO81K/MV7jdMdRooi.0;server=akswtt00500000a;cloudType=Consumer;environment=Prod_southeastasia_prod-s01-064-apac-southeastasia;migrationStage=NotStarted Some updates remain.}
{"logTime": "0311/071422", "correlationVector":"EA0ql/7AoF0MydLnYdDfpM","action":"Initial GetUpdates", "result":"", "context":Reason: NEWLY_SUPPORTED_DATATYPE. cV=EA0ql/7AoF0MydLnYdDfpM}
{"logTime": "0311/071424", "correlationVector":"EA0ql/7AoF0MydLnYdDfpM.1","action":"SyncServerConnectionManagerRequest", "result":"SYNC_SERVER_OK", "context":{"environment":"Prod_southeastasia_prod-s01-064-apac-southeastasia", "migrationStage":"NotStarted", "server":"akswtt005000001"}}
{"logTime": "0311/071424", "correlationVector":"EA0ql/7AoF0MydLnYdDfpM.2","action":"ProcessGetUpdates", "result":"Done", "context":{"dataType":"History", "deleted":"0", "process_failed_to_decrypt":"0", "process_pending_decryption":"0", "process_success":"250", "total":"250"}}
{"logTime": "0311/071424", "correlationVector":"EA0ql/7AoF0MydLnYdDfpM.3","action":"GetUpdates Response", "result":"Success", "context":Received 250 update(s). cV=EA0ql/7AoF0MydLnYdDfpM.0;server=akswtt005000001;cloudType=Consumer;environment=Prod_southeastasia_prod-s01-064-apac-southeastasia;migrationStage=NotStarted Some updates remain.}
{"logTime": "0311/071424", "correlationVector":"C2OPOSl754nO6Ue5+ceq+l","action":"Initial GetUpdates", "result":"", "context":Reason: NEWLY_SUPPORTED_DATATYPE. cV=C2OPOSl754nO6Ue5+ceq+l}
{"logTime": "0311/071425", "correlationVector":"C2OPOSl754nO6Ue5+ceq+l.1","action":"SyncServerConnectionManagerRequest", "result":"SYNC_SERVER_OK", "context":{"environment":"Prod_southeastasia_prod-s01-064-apac-southeastasia", "migrationStage":"NotStarted", "server":"akswtt00500003o"}}
{"logTime": "0311/071425", "correlationVector":"C2OPOSl754nO6Ue5+ceq+l.2","action":"ProcessGetUpdates", "result":"Done", "context":{"dataType":"History", "deleted":"0", "process_failed_to_decrypt":"0", "process_pending_decryption":"0", "process_success":"250", "total":"250"}}
{"logTime": "0311/071425", "correlationVector":"C2OPOSl754nO6Ue5+ceq+l.3","action":"GetUpdates Response", "result":"Success", "context":Received 250 update(s). cV=C2OPOSl754nO6Ue5+ceq+l.0;server=akswtt00500003o;cloudType=Consumer;environment=Prod_southeastasia_prod-s01-064-apac-southeastasia;migrationStage=NotStarted Some updates remain.}
{"logTime": "0311/071425", "correlationVector":"w38eFFL+aOMlnCCFYFE3F7","action":"Initial GetUpdates", "result":"", "context":Reason: NEWLY_SUPPORTED_DATATYPE. cV=w38eFFL+aOMlnCCFYFE3F7}
{"logTime": "0311/071426", "correlationVector":"w38eFFL+aOMlnCCFYFE3F7.1","action":"SyncServerConnectionManagerRequest", "result":"SYNC_SERVER_OK", "context":{"environment":"Prod_southeastasia_prod-s01-064-apac-southeastasia", "migrationStage":"NotStarted", "server":"akswtt00500003b"}}
{"logTime": "0311/071426", "correlationVector":"w38eFFL+aOMlnCCFYFE3F7.2","action":"ProcessGetUpdates", "result":"Done", "context":{"dataType":"History", "deleted":"0", "process_failed_to_decrypt":"0", "process_pending_decryption":"0", "process_success":"250", "total":"250"}}
{"logTime": "0311/071426", "correlationVector":"w38eFFL+aOMlnCCFYFE3F7.3","action":"GetUpdates Response", "result":"Success", "context":Received 250 update(s). cV=w38eFFL+aOMlnCCFYFE3F7.0;server=akswtt00500003b;cloudType=Consumer;environment=Prod_southeastasia_prod-s01-064-apac-southeastasia;migrationStage=NotStarted Some updates remain.}
{"logTime": "0311/071426", "correlationVector":"IFczMv67ZbmuO2hZgQI+X0","action":"Initial GetUpdates", "result":"", "context":Reason: NEWLY_SUPPORTED_DATATYPE. cV=IFczMv67ZbmuO2hZgQI+X0}
{"logTime": "0311/071427", "correlationVector":"IFczMv67ZbmuO2hZgQI+X0.1","action":"SyncServerConnectionManagerRequest", "result":"SYNC_SERVER_OK", "context":{"environment":"Prod_southeastasia_prod-s01-064-apac-southeastasia", "migrationStage":"NotStarted", "server":"akswtt005000021"}}
{"logTime": "0311/071427", "correlationVector":"IFczMv67ZbmuO2hZgQI+X0.2","action":"ProcessGetUpdates", "result":"Done", "context":{"dataType":"History", "deleted":"0", "process_failed_to_decrypt":"0", "process_pending_decryption":"0", "process_success":"250", "total":"250"}}
{"logTime": "0311/071427", "correlationVector":"IFczMv67ZbmuO2hZgQI+X0.3","action":"GetUpdates Response", "result":"Success", "context":Received 250 update(s). cV=IFczMv67ZbmuO2hZgQI+X0.0;server=akswtt005000021;cloudType=Consumer;environment=Prod_southeastasia_prod-s01-064-apac-southeastasia;migrationStage=NotStarted Some updates remain.}
{"logTime": "0311/071427", "correlationVector":"5r/H6SKdiadNVPxqyhA6LW","action":"Initial GetUpdates", "result":"", "context":Reason: NEWLY_SUPPORTED_DATATYPE. cV=5r/H6SKdiadNVPxqyhA6LW}
{"logTime": "0311/071428", "correlationVector":"5r/H6SKdiadNVPxqyhA6LW.1","action":"SyncServerConnectionManagerRequest", "result":"SYNC_SERVER_OK", "context":{"environment":"Prod_southeastasia_prod-s01-064-apac-southeastasia", "migrationStage":"NotStarted", "server":"akswtt005000001"}}
{"logTime": "0311/071428", "correlationVector":"5r/H6SKdiadNVPxqyhA6LW.2","action":"ProcessGetUpdates", "result":"Done", "context":{"dataType":"History", "deleted":"0", "process_failed_to_decrypt":"0", "process_pending_decryption":"0", "process_success":"250", "total":"250"}}
{"logTime": "0311/071428", "correlationVector":"5r/H6SKdiadNVPxqyhA6LW.3","action":"GetUpdates Response", "result":"Success", "context":Received 250 update(s). cV=5r/H6SKdiadNVPxqyhA6LW.0;server=akswtt005000001;cloudType=Consumer;environment=Prod_southeastasia_prod-s01-064-apac-southeastasia;migrationStage=NotStarted Some updates remain.}
{"logTime": "0311/071428", "correlationVector":"Yvrc3MciA+n2mkegoOWO3Z","action":"Initial GetUpdates", "result":"", "context":Reason: NEWLY_SUPPORTED_DATATYPE. cV=Yvrc3MciA+n2mkegoOWO3Z}
{"logTime": "0311/071430", "correlationVector":"Yvrc3MciA+n2mkegoOWO3Z.1","action":"SyncServerConnectionManagerRequest", "result":"SYNC_SERVER_OK", "context":{"environment":"Prod_southeastasia_prod-s01-064-apac-southeastasia", "migrationStage":"NotStarted", "server":"akswtt00500002t"}}
{"logTime": "0311/071430", "correlationVector":"Yvrc3MciA+n2mkegoOWO3Z.2","action":"ProcessGetUpdates", "result":"Done", "context":{"dataType":"History", "deleted":"0", "process_failed_to_decrypt":"0", "process_pending_decryption":"0", "process_success":"250", "total":"250"}}
{"logTime": "0311/071430", "correlationVector":"Yvrc3MciA+n2mkegoOWO3Z.3","action":"GetUpdates Response", "result":"Success", "context":Received 250 update(s). cV=Yvrc3MciA+n2mkegoOWO3Z.0;server=akswtt00500002t;cloudType=Consumer;environment=Prod_southeastasia_prod-s01-064-apac-southeastasia;migrationStage=NotStarted Some updates remain.}
{"logTime": "0311/071430", "correlationVector":"1QA1bKI3aSPcd3YHBjISj5","action":"Initial GetUpdates", "result":"", "context":Reason: NEWLY_SUPPORTED_DATATYPE. cV=1QA1bKI3aSPcd3YHBjISj5}
{"logTime": "0311/071432", "correlationVector":"1QA1bKI3aSPcd3YHBjISj5.1","action":"SyncServerConnectionManagerRequest", "result":"SYNC_SERVER_OK", "context":{"environment":"Prod_southeastasia_prod-s01-064-apac-southeastasia", "migrationStage":"NotStarted", "server":"akswtt00500003c"}}
{"logTime": "0311/071432", "correlationVector":"1QA1bKI3aSPcd3YHBjISj5.2","action":"ProcessGetUpdates", "result":"Done", "context":{"dataType":"History", "deleted":"0", "process_failed_to_decrypt":"0", "process_pending_decryption":"0", "process_success":"250", "total":"250"}}
{"logTime": "0311/071432", "correlationVector":"1QA1bKI3aSPcd3YHBjISj5.3","action":"GetUpdates Response", "result":"Success", "context":Received 250 update(s). cV=1QA1bKI3aSPcd3YHBjISj5.0;server=akswtt00500003c;cloudType=Consumer;environment=Prod_southeastasia_prod-s01-064-apac-southeastasia;migrationStage=NotStarted Some updates remain.}
{"logTime": "0311/071432", "correlationVector":"ozGz9hhx0MgForhXxn0Lh9","action":"Initial GetUpdates", "result":"", "context":Reason: NEWLY_SUPPORTED_DATATYPE. cV=ozGz9hhx0MgForhXxn0Lh9}
{"logTime": "0311/071433", "correlationVector":"ozGz9hhx0MgForhXxn0Lh9.1","action":"SyncServerConnectionManagerRequest", "result":"SYNC_SERVER_OK", "context":{"environment":"Prod_southeastasia_prod-s01-064-apac-southeastasia", "migrationStage":"NotStarted", "server":"akswtt005000008"}}
{"logTime": "0311/071433", "correlationVector":"ozGz9hhx0MgForhXxn0Lh9.2","action":"ProcessGetUpdates", "result":"Done", "context":{"dataType":"History", "deleted":"0", "process_failed_to_decrypt":"0", "process_pending_decryption":"0", "process_success":"250", "total":"250"}}
{"logTime": "0311/071433", "correlationVector":"ozGz9hhx0MgForhXxn0Lh9.3","action":"GetUpdates Response", "result":"Success", "context":Received 250 update(s). cV=ozGz9hhx0MgForhXxn0Lh9.0;server=akswtt005000008;cloudType=Consumer;environment=Prod_southeastasia_prod-s01-064-apac-southeastasia;migrationStage=NotStarted Some updates remain.}
{"logTime": "0311/071433", "correlationVector":"MXVqNBSfmysUYoIpHcd1Ru","action":"Initial GetUpdates", "result":"", "context":Reason: NEWLY_SUPPORTED_DATATYPE. cV=MXVqNBSfmysUYoIpHcd1Ru}
{"logTime": "0311/071434", "correlationVector":"MXVqNBSfmysUYoIpHcd1Ru.1","action":"SyncServerConnectionManagerRequest", "result":"SYNC_SERVER_OK", "context":{"environment":"Prod_southeastasia_prod-s01-064-apac-southeastasia", "migrationStage":"NotStarted", "server":"akswtt005000021"}}
{"logTime": "0311/071434", "correlationVector":"MXVqNBSfmysUYoIpHcd1Ru.2","action":"ProcessGetUpdates", "result":"Done", "context":{"dataType":"History", "deleted":"0", "process_failed_to_decrypt":"0", "process_pending_decryption":"0", "process_success":"250", "total":"250"}}
{"logTime": "0311/071434", "correlationVector":"MXVqNBSfmysUYoIpHcd1Ru.3","action":"GetUpdates Response", "result":"Success", "context":Received 250 update(s). cV=MXVqNBSfmysUYoIpHcd1Ru.0;server=akswtt005000021;cloudType=Consumer;environment=Prod_southeastasia_prod-s01-064-apac-southeastasia;migrationStage=NotStarted Some updates remain.}
{"logTime": "0311/071434", "correlationVector":"vs58ZwUB1yl5cjk+8xzwGt","action":"Initial GetUpdates", "result":"", "context":Reason: NEWLY_SUPPORTED_DATATYPE. cV=vs58ZwUB1yl5cjk+8xzwGt}
{"logTime": "0311/071436", "correlationVector":"vs58ZwUB1yl5cjk+8xzwGt.1","action":"SyncServerConnectionManagerRequest", "result":"SYNC_SERVER_OK", "context":{"environment":"Prod_southeastasia_prod-s01-064-apac-southeastasia", "migrationStage":"NotStarted", "server":"akswtt00500002o"}}
{"logTime": "0311/071436", "correlationVector":"vs58ZwUB1yl5cjk+8xzwGt.2","action":"ProcessGetUpdates", "result":"Done", "context":{"dataType":"History", "deleted":"0", "process_failed_to_decrypt":"0", "process_pending_decryption":"0", "process_success":"250", "total":"250"}}
{"logTime": "0311/071436", "correlationVector":"vs58ZwUB1yl5cjk+8xzwGt.3","action":"GetUpdates Response", "result":"Success", "context":Received 250 update(s). cV=vs58ZwUB1yl5cjk+8xzwGt.0;server=akswtt00500002o;cloudType=Consumer;environment=Prod_southeastasia_prod-s01-064-apac-southeastasia;migrationStage=NotStarted Some updates remain.}
{"logTime": "0311/071436", "correlationVector":"8wj3z1rS2Zf0dyApPCPPrM","action":"Initial GetUpdates", "result":"", "context":Reason: NEWLY_SUPPORTED_DATATYPE. cV=8wj3z1rS2Zf0dyApPCPPrM}
{"logTime": "0311/071437", "correlationVector":"8wj3z1rS2Zf0dyApPCPPrM.1","action":"SyncServerConnectionManagerRequest", "result":"SYNC_SERVER_OK", "context":{"environment":"Prod_southeastasia_prod-s01-064-apac-southeastasia", "migrationStage":"NotStarted", "server":"akswtt00500002l"}}
{"logTime": "0311/071437", "correlationVector":"8wj3z1rS2Zf0dyApPCPPrM.2","action":"ProcessGetUpdates", "result":"Done", "context":{"dataType":"History", "deleted":"0", "process_failed_to_decrypt":"0", "process_pending_decryption":"0", "process_success":"250", "total":"250"}}
{"logTime": "0311/071437", "correlationVector":"8wj3z1rS2Zf0dyApPCPPrM.3","action":"GetUpdates Response", "result":"Success", "context":Received 250 update(s). cV=8wj3z1rS2Zf0dyApPCPPrM.0;server=akswtt00500002l;cloudType=Consumer;environment=Prod_southeastasia_prod-s01-064-apac-southeastasia;migrationStage=NotStarted Some updates remain.}
{"logTime": "0311/071437", "correlationVector":"6AyDj8dph+DKG4HIlGZj94","action":"Initial GetUpdates", "result":"", "context":Reason: NEWLY_SUPPORTED_DATATYPE. cV=6AyDj8dph+DKG4HIlGZj94}
{"logTime": "0311/071438", "correlationVector":"6AyDj8dph+DKG4HIlGZj94.1","action":"SyncServerConnectionManagerRequest", "result":"SYNC_SERVER_OK", "context":{"environment":"Prod_southeastasia_prod-s01-064-apac-southeastasia", "migrationStage":"NotStarted", "server":"akswtt005000016"}}
{"logTime": "0311/071438", "correlationVector":"6AyDj8dph+DKG4HIlGZj94.2","action":"ProcessGetUpdates", "result":"Done", "context":{"dataType":"History", "deleted":"0", "process_failed_to_decrypt":"0", "process_pending_decryption":"0", "process_success":"250", "total":"250"}}
{"logTime": "0311/071438", "correlationVector":"6AyDj8dph+DKG4HIlGZj94.3","action":"GetUpdates Response", "result":"Success", "context":Received 250 update(s). cV=6AyDj8dph+DKG4HIlGZj94.0;server=akswtt005000016;cloudType=Consumer;environment=Prod_southeastasia_prod-s01-064-apac-southeastasia;migrationStage=NotStarted Some updates remain.}
{"logTime": "0311/071438", "correlationVector":"oBL0eEUHb6uqPpTUyJCRjQ","action":"Initial GetUpdates", "result":"", "context":Reason: NEWLY_SUPPORTED_DATATYPE. cV=oBL0eEUHb6uqPpTUyJCRjQ}
{"logTime": "0311/071439", "correlationVector":"oBL0eEUHb6uqPpTUyJCRjQ.1","action":"SyncServerConnectionManagerRequest", "result":"SYNC_SERVER_OK", "context":{"environment":"Prod_southeastasia_prod-s01-064-apac-southeastasia", "migrationStage":"NotStarted", "server":"akswtt005000030"}}
{"logTime": "0311/071439", "correlationVector":"oBL0eEUHb6uqPpTUyJCRjQ.2","action":"ProcessGetUpdates", "result":"Done", "context":{"dataType":"History", "deleted":"0", "process_failed_to_decrypt":"0", "process_pending_decryption":"0", "process_success":"250", "total":"250"}}
{"logTime": "0311/071439", "correlationVector":"oBL0eEUHb6uqPpTUyJCRjQ.3","action":"GetUpdates Response", "result":"Success", "context":Received 250 update(s). cV=oBL0eEUHb6uqPpTUyJCRjQ.0;server=akswtt005000030;cloudType=Consumer;environment=Prod_southeastasia_prod-s01-064-apac-southeastasia;migrationStage=NotStarted Some updates remain.}
{"logTime": "0311/071439", "correlationVector":"MSpSgNMd5VZ/1FbmeVAI3N","action":"Initial GetUpdates", "result":"", "context":Reason: NEWLY_SUPPORTED_DATATYPE. cV=MSpSgNMd5VZ/1FbmeVAI3N}
{"logTime": "0311/071441", "correlationVector":"MSpSgNMd5VZ/1FbmeVAI3N.1","action":"SyncServerConnectionManagerRequest", "result":"SYNC_SERVER_OK", "context":{"environment":"Prod_southeastasia_prod-s01-064-apac-southeastasia", "migrationStage":"NotStarted", "server":"akswtt005000016"}}
{"logTime": "0311/071441", "correlationVector":"MSpSgNMd5VZ/1FbmeVAI3N.2","action":"ProcessGetUpdates", "result":"Done", "context":{"dataType":"History", "deleted":"0", "process_failed_to_decrypt":"0", "process_pending_decryption":"0", "process_success":"250", "total":"250"}}
{"logTime": "0311/071441", "correlationVector":"MSpSgNMd5VZ/1FbmeVAI3N.3","action":"GetUpdates Response", "result":"Success", "context":Received 250 update(s). cV=MSpSgNMd5VZ/1FbmeVAI3N.0;server=akswtt005000016;cloudType=Consumer;environment=Prod_southeastasia_prod-s01-064-apac-southeastasia;migrationStage=NotStarted Some updates remain.}
{"logTime": "0311/071441", "correlationVector":"xcDF0JakfvHTediJXj8Ysm","action":"Initial GetUpdates", "result":"", "context":Reason: NEWLY_SUPPORTED_DATATYPE. cV=xcDF0JakfvHTediJXj8Ysm}
{"logTime": "0311/071443", "correlationVector":"xcDF0JakfvHTediJXj8Ysm.1","action":"SyncServerConnectionManagerRequest", "result":"SYNC_SERVER_OK", "context":{"environment":"Prod_southeastasia_prod-s01-064-apac-southeastasia", "migrationStage":"NotStarted", "server":"akswtt005000041"}}
{"logTime": "0311/071443", "correlationVector":"xcDF0JakfvHTediJXj8Ysm.2","action":"ProcessGetUpdates", "result":"Done", "context":{"dataType":"History", "deleted":"0", "process_failed_to_decrypt":"0", "process_pending_decryption":"0", "process_success":"250", "total":"250"}}
{"logTime": "0311/071443", "correlationVector":"xcDF0JakfvHTediJXj8Ysm.3","action":"GetUpdates Response", "result":"Success", "context":Received 250 update(s). cV=xcDF0JakfvHTediJXj8Ysm.0;server=akswtt005000041;cloudType=Consumer;environment=Prod_southeastasia_prod-s01-064-apac-southeastasia;migrationStage=NotStarted Some updates remain.}
{"logTime": "0311/071443", "correlationVector":"+fgju/3lKoyXHFoM4SHvNl","action":"Initial GetUpdates", "result":"", "context":Reason: NEWLY_SUPPORTED_DATATYPE. cV=+fgju/3lKoyXHFoM4SHvNl}
{"logTime": "0311/071445", "correlationVector":"+fgju/3lKoyXHFoM4SHvNl.1","action":"SyncServerConnectionManagerRequest", "result":"SYNC_SERVER_OK", "context":{"environment":"Prod_southeastasia_prod-s01-064-apac-southeastasia", "migrationStage":"NotStarted", "server":"akswtt005000008"}}
{"logTime": "0311/071445", "correlationVector":"+fgju/3lKoyXHFoM4SHvNl.2","action":"ProcessGetUpdates", "result":"Done", "context":{"dataType":"History", "deleted":"0", "process_failed_to_decrypt":"0", "process_pending_decryption":"0", "process_success":"250", "total":"250"}}
{"logTime": "0311/071445", "correlationVector":"+fgju/3lKoyXHFoM4SHvNl.3","action":"GetUpdates Response", "result":"Success", "context":Received 250 update(s). cV=+fgju/3lKoyXHFoM4SHvNl.0;server=akswtt005000008;cloudType=Consumer;environment=Prod_southeastasia_prod-s01-064-apac-southeastasia;migrationStage=NotStarted Some updates remain.}
{"logTime": "0311/071445", "correlationVector":"L+NwchbE1vZn34wu2mwWSW","action":"Initial GetUpdates", "result":"", "context":Reason: NEWLY_SUPPORTED_DATATYPE. cV=L+NwchbE1vZn34wu2mwWSW}
{"logTime": "0311/071446", "correlationVector":"L+NwchbE1vZn34wu2mwWSW.1","action":"SyncServerConnectionManagerRequest", "result":"SYNC_SERVER_OK", "context":{"environment":"Prod_southeastasia_prod-s01-064-apac-southeastasia", "migrationStage":"NotStarted", "server":"akswtt00500003n"}}
{"logTime": "0311/071446", "correlationVector":"L+NwchbE1vZn34wu2mwWSW.2","action":"ProcessGetUpdates", "result":"Done", "context":{"dataType":"History", "deleted":"0", "process_failed_to_decrypt":"0", "process_pending_decryption":"0", "process_success":"250", "total":"250"}}
{"logTime": "0311/071446", "correlationVector":"L+NwchbE1vZn34wu2mwWSW.3","action":"GetUpdates Response", "result":"Success", "context":Received 250 update(s). cV=L+NwchbE1vZn34wu2mwWSW.0;server=akswtt00500003n;cloudType=Consumer;environment=Prod_southeastasia_prod-s01-064-apac-southeastasia;migrationStage=NotStarted Some updates remain.}
{"logTime": "0311/071446", "correlationVector":"rfkVn1c+DoBP2Tn+jddhoR","action":"Initial GetUpdates", "result":"", "context":Reason: NEWLY_SUPPORTED_DATATYPE. cV=rfkVn1c+DoBP2Tn+jddhoR}
{"logTime": "0311/071447", "correlationVector":"rfkVn1c+DoBP2Tn+jddhoR.1","action":"SyncServerConnectionManagerRequest", "result":"SYNC_SERVER_OK", "context":{"environment":"Prod_southeastasia_prod-s01-064-apac-southeastasia", "migrationStage":"NotStarted", "server":"akswtt00500001f"}}
{"logTime": "0311/071447", "correlationVector":"rfkVn1c+DoBP2Tn+jddhoR.2","action":"ProcessGetUpdates", "result":"Done", "context":{"dataType":"History", "deleted":"0", "process_failed_to_decrypt":"0", "process_pending_decryption":"0", "process_success":"250", "total":"250"}}
{"logTime": "0311/071447", "correlationVector":"rfkVn1c+DoBP2Tn+jddhoR.3","action":"GetUpdates Response", "result":"Success", "context":Received 250 update(s). cV=rfkVn1c+DoBP2Tn+jddhoR.0;server=akswtt00500001f;cloudType=Consumer;environment=Prod_southeastasia_prod-s01-064-apac-southeastasia;migrationStage=NotStarted Some updates remain.}
{"logTime": "0311/071447", "correlationVector":"LOaZH1hji/FGikb5ddsmYd","action":"Initial GetUpdates", "result":"", "context":Reason: NEWLY_SUPPORTED_DATATYPE. cV=LOaZH1hji/FGikb5ddsmYd}
{"logTime": "0311/071448", "correlationVector":"LOaZH1hji/FGikb5ddsmYd.1","action":"SyncServerConnectionManagerRequest", "result":"SYNC_SERVER_OK", "context":{"environment":"Prod_southeastasia_prod-s01-064-apac-southeastasia", "migrationStage":"NotStarted", "server":"akswtt005000002"}}
{"logTime": "0311/071448", "correlationVector":"LOaZH1hji/FGikb5ddsmYd.2","action":"ProcessGetUpdates", "result":"Done", "context":{"dataType":"History", "deleted":"0", "process_failed_to_decrypt":"0", "process_pending_decryption":"0", "process_success":"250", "total":"250"}}
{"logTime": "0311/071448", "correlationVector":"LOaZH1hji/FGikb5ddsmYd.3","action":"GetUpdates Response", "result":"Success", "context":Received 250 update(s). cV=LOaZH1hji/FGikb5ddsmYd.0;server=akswtt005000002;cloudType=Consumer;environment=Prod_southeastasia_prod-s01-064-apac-southeastasia;migrationStage=NotStarted Some updates remain.}
{"logTime": "0311/071448", "correlationVector":"j/qDtlZGMExzNrCy5ZsJO3","action":"Initial GetUpdates", "result":"", "context":Reason: NEWLY_SUPPORTED_DATATYPE. cV=j/qDtlZGMExzNrCy5ZsJO3}
{"logTime": "0311/071449", "correlationVector":"j/qDtlZGMExzNrCy5ZsJO3.1","action":"SyncServerConnectionManagerRequest", "result":"SYNC_SERVER_OK", "context":{"environment":"Prod_southeastasia_prod-s01-064-apac-southeastasia", "migrationStage":"NotStarted", "server":"akswtt005000020"}}
{"logTime": "0311/071449", "correlationVector":"j/qDtlZGMExzNrCy5ZsJO3.2","action":"ProcessGetUpdates", "result":"Done", "context":{"dataType":"History", "deleted":"0", "process_failed_to_decrypt":"0", "process_pending_decryption":"0", "process_success":"250", "total":"250"}}
{"logTime": "0311/071449", "correlationVector":"j/qDtlZGMExzNrCy5ZsJO3.3","action":"GetUpdates Response", "result":"Success", "context":Received 250 update(s). cV=j/qDtlZGMExzNrCy5ZsJO3.0;server=akswtt005000020;cloudType=Consumer;environment=Prod_southeastasia_prod-s01-064-apac-southeastasia;migrationStage=NotStarted Some updates remain.}
{"logTime": "0311/071449", "correlationVector":"tHzS+/fR0cPl4wi8fD7yD6","action":"Initial GetUpdates", "result":"", "context":Reason: NEWLY_SUPPORTED_DATATYPE. cV=tHzS+/fR0cPl4wi8fD7yD6}
{"logTime": "0311/071451", "correlationVector":"tHzS+/fR0cPl4wi8fD7yD6.1","action":"SyncServerConnectionManagerRequest", "result":"SYNC_SERVER_OK", "context":{"environment":"Prod_southeastasia_prod-s01-064-apac-southeastasia", "migrationStage":"NotStarted", "server":"akswtt00500001z"}}
{"logTime": "0311/071451", "correlationVector":"tHzS+/fR0cPl4wi8fD7yD6.2","action":"ProcessGetUpdates", "result":"Done", "context":{"dataType":"History", "deleted":"0", "process_failed_to_decrypt":"0", "process_pending_decryption":"0", "process_success":"250", "total":"250"}}
{"logTime": "0311/071451", "correlationVector":"tHzS+/fR0cPl4wi8fD7yD6.3","action":"GetUpdates Response", "result":"Success", "context":Received 250 update(s). cV=tHzS+/fR0cPl4wi8fD7yD6.0;server=akswtt00500001z;cloudType=Consumer;environment=Prod_southeastasia_prod-s01-064-apac-southeastasia;migrationStage=NotStarted Some updates remain.}
{"logTime": "0311/071451", "correlationVector":"Bjr41TAgDATBpOxkpyzN8q","action":"Initial GetUpdates", "result":"", "context":Reason: NEWLY_SUPPORTED_DATATYPE. cV=Bjr41TAgDATBpOxkpyzN8q}
{"logTime": "0311/071452", "correlationVector":"Bjr41TAgDATBpOxkpyzN8q.1","action":"SyncServerConnectionManagerRequest", "result":"SYNC_SERVER_OK", "context":{"environment":"Prod_southeastasia_prod-s01-064-apac-southeastasia", "migrationStage":"NotStarted", "server":"akswtt00500002t"}}
{"logTime": "0311/071452", "correlationVector":"Bjr41TAgDATBpOxkpyzN8q.2","action":"ProcessGetUpdates", "result":"Done", "context":{"dataType":"History", "deleted":"0", "process_failed_to_decrypt":"0", "process_pending_decryption":"0", "process_success":"250", "total":"250"}}
{"logTime": "0311/071452", "correlationVector":"Bjr41TAgDATBpOxkpyzN8q.3","action":"GetUpdates Response", "result":"Success", "context":Received 250 update(s). cV=Bjr41TAgDATBpOxkpyzN8q.0;server=akswtt00500002t;cloudType=Consumer;environment=Prod_southeastasia_prod-s01-064-apac-southeastasia;migrationStage=NotStarted Some updates remain.}
{"logTime": "0311/071452", "correlationVector":"JfgQu+vVuJuZjfIg2Sm7mU","action":"Initial GetUpdates", "result":"", "context":Reason: NEWLY_SUPPORTED_DATATYPE. cV=JfgQu+vVuJuZjfIg2Sm7mU}
{"logTime": "0311/071453", "correlationVector":"JfgQu+vVuJuZjfIg2Sm7mU.1","action":"SyncServerConnectionManagerRequest", "result":"SYNC_SERVER_OK", "context":{"environment":"Prod_southeastasia_prod-s01-064-apac-southeastasia", "migrationStage":"NotStarted", "server":"akswtt00500003c"}}
{"logTime": "0311/071453", "correlationVector":"JfgQu+vVuJuZjfIg2Sm7mU.2","action":"ProcessGetUpdates", "result":"Done", "context":{"dataType":"History", "deleted":"0", "process_failed_to_decrypt":"0", "process_pending_decryption":"0", "process_success":"250", "total":"250"}}
{"logTime": "0311/071453", "correlationVector":"JfgQu+vVuJuZjfIg2Sm7mU.3","action":"GetUpdates Response", "result":"Success", "context":Received 250 update(s). cV=JfgQu+vVuJuZjfIg2Sm7mU.0;server=akswtt00500003c;cloudType=Consumer;environment=Prod_southeastasia_prod-s01-064-apac-southeastasia;migrationStage=NotStarted Some updates remain.}
{"logTime": "0311/071453", "correlationVector":"8WiGcoY2Y7ibw4hKQb5mmm","action":"Initial GetUpdates", "result":"", "context":Reason: NEWLY_SUPPORTED_DATATYPE. cV=8WiGcoY2Y7ibw4hKQb5mmm}
{"logTime": "0311/071454", "correlationVector":"8WiGcoY2Y7ibw4hKQb5mmm.1","action":"SyncServerConnectionManagerRequest", "result":"SYNC_SERVER_OK", "context":{"environment":"Prod_southeastasia_prod-s01-064-apac-southeastasia", "migrationStage":"NotStarted", "server":"akswtt005000016"}}
{"logTime": "0311/071454", "correlationVector":"8WiGcoY2Y7ibw4hKQb5mmm.2","action":"ProcessGetUpdates", "result":"Done", "context":{"dataType":"History", "deleted":"0", "process_failed_to_decrypt":"0", "process_pending_decryption":"0", "process_success":"250", "total":"250"}}
{"logTime": "0311/071454", "correlationVector":"8WiGcoY2Y7ibw4hKQb5mmm.3","action":"GetUpdates Response", "result":"Success", "context":Received 250 update(s). cV=8WiGcoY2Y7ibw4hKQb5mmm.0;server=akswtt005000016;cloudType=Consumer;environment=Prod_southeastasia_prod-s01-064-apac-southeastasia;migrationStage=NotStarted Some updates remain.}
{"logTime": "0311/071454", "correlationVector":"wiVEa4dpolAAc+RtwLdaX5","action":"Initial GetUpdates", "result":"", "context":Reason: NEWLY_SUPPORTED_DATATYPE. cV=wiVEa4dpolAAc+RtwLdaX5}
{"logTime": "0311/071456", "correlationVector":"wiVEa4dpolAAc+RtwLdaX5.1","action":"SyncServerConnectionManagerRequest", "result":"SYNC_SERVER_OK", "context":{"environment":"Prod_southeastasia_prod-s01-064-apac-southeastasia", "migrationStage":"NotStarted", "server":"akswtt00500000i"}}
{"logTime": "0311/071456", "correlationVector":"wiVEa4dpolAAc+RtwLdaX5.2","action":"ProcessGetUpdates", "result":"Done", "context":{"dataType":"History", "deleted":"0", "process_failed_to_decrypt":"0", "process_pending_decryption":"0", "process_success":"250", "total":"250"}}
{"logTime": "0311/071456", "correlationVector":"wiVEa4dpolAAc+RtwLdaX5.3","action":"GetUpdates Response", "result":"Success", "context":Received 250 update(s). cV=wiVEa4dpolAAc+RtwLdaX5.0;server=akswtt00500000i;cloudType=Consumer;environment=Prod_southeastasia_prod-s01-064-apac-southeastasia;migrationStage=NotStarted Some updates remain.}
{"logTime": "0311/071456", "correlationVector":"ryS6x8nh5RHSxWf6lwr8Sg","action":"Initial GetUpdates", "result":"", "context":Reason: NEWLY_SUPPORTED_DATATYPE. cV=ryS6x8nh5RHSxWf6lwr8Sg}
{"logTime": "0311/071457", "correlationVector":"ryS6x8nh5RHSxWf6lwr8Sg.1","action":"SyncServerConnectionManagerRequest", "result":"SYNC_SERVER_OK", "context":{"environment":"Prod_southeastasia_prod-s01-064-apac-southeastasia", "migrationStage":"NotStarted", "server":"akswtt005000030"}}
{"logTime": "0311/071457", "correlationVector":"ryS6x8nh5RHSxWf6lwr8Sg.2","action":"ProcessGetUpdates", "result":"Done", "context":{"dataType":"History", "deleted":"0", "process_failed_to_decrypt":"0", "process_pending_decryption":"0", "process_success":"250", "total":"250"}}
{"logTime": "0311/071457", "correlationVector":"ryS6x8nh5RHSxWf6lwr8Sg.3","action":"GetUpdates Response", "result":"Success", "context":Received 250 update(s). cV=ryS6x8nh5RHSxWf6lwr8Sg.0;server=akswtt005000030;cloudType=Consumer;environment=Prod_southeastasia_prod-s01-064-apac-southeastasia;migrationStage=NotStarted Some updates remain.}
{"logTime": "0311/071457", "correlationVector":"F+cOGt+3/DO1Z7SZbQqO+w","action":"Initial GetUpdates", "result":"", "context":Reason: NEWLY_SUPPORTED_DATATYPE. cV=F+cOGt+3/DO1Z7SZbQqO+w}
{"logTime": "0311/071458", "correlationVector":"F+cOGt+3/DO1Z7SZbQqO+w.1","action":"SyncServerConnectionManagerRequest", "result":"SYNC_SERVER_OK", "context":{"environment":"Prod_southeastasia_prod-s01-064-apac-southeastasia", "migrationStage":"NotStarted", "server":"akswtt00500003n"}}
{"logTime": "0311/071458", "correlationVector":"F+cOGt+3/DO1Z7SZbQqO+w.2","action":"ProcessGetUpdates", "result":"Done", "context":{"dataType":"History", "deleted":"0", "process_failed_to_decrypt":"0", "process_pending_decryption":"0", "process_success":"250", "total":"250"}}
{"logTime": "0311/071458", "correlationVector":"F+cOGt+3/DO1Z7SZbQqO+w.3","action":"GetUpdates Response", "result":"Success", "context":Received 250 update(s). cV=F+cOGt+3/DO1Z7SZbQqO+w.0;server=akswtt00500003n;cloudType=Consumer;environment=Prod_southeastasia_prod-s01-064-apac-southeastasia;migrationStage=NotStarted Some updates remain.}
{"logTime": "0311/071458", "correlationVector":"BPzFyw9S+WTwXt/uck1jc9","action":"Initial GetUpdates", "result":"", "context":Reason: NEWLY_SUPPORTED_DATATYPE. cV=BPzFyw9S+WTwXt/uck1jc9}
{"logTime": "0311/071459", "correlationVector":"BPzFyw9S+WTwXt/uck1jc9.1","action":"SyncServerConnectionManagerRequest", "result":"SYNC_SERVER_OK", "context":{"environment":"Prod_southeastasia_prod-s01-064-apac-southeastasia", "migrationStage":"NotStarted", "server":"akswtt00500002a"}}
{"logTime": "0311/071459", "correlationVector":"BPzFyw9S+WTwXt/uck1jc9.2","action":"ProcessGetUpdates", "result":"Done", "context":{"dataType":"History", "deleted":"0", "process_failed_to_decrypt":"0", "process_pending_decryption":"0", "process_success":"250", "total":"250"}}
{"logTime": "0311/071459", "correlationVector":"BPzFyw9S+WTwXt/uck1jc9.3","action":"GetUpdates Response", "result":"Success", "context":Received 250 update(s). cV=BPzFyw9S+WTwXt/uck1jc9.0;server=akswtt00500002a;cloudType=Consumer;environment=Prod_southeastasia_prod-s01-064-apac-southeastasia;migrationStage=NotStarted Some updates remain.}
{"logTime": "0311/071459", "correlationVector":"hu7rT8556/wmOO4ZapfMwq","action":"Initial GetUpdates", "result":"", "context":Reason: NEWLY_SUPPORTED_DATATYPE. cV=hu7rT8556/wmOO4ZapfMwq}
{"logTime": "0311/071500", "correlationVector":"hu7rT8556/wmOO4ZapfMwq.1","action":"SyncServerConnectionManagerRequest", "result":"SYNC_SERVER_OK", "context":{"environment":"Prod_southeastasia_prod-s01-064-apac-southeastasia", "migrationStage":"NotStarted", "server":"akswtt005000008"}}
{"logTime": "0311/071500", "correlationVector":"hu7rT8556/wmOO4ZapfMwq.2","action":"ProcessGetUpdates", "result":"Done", "context":{"dataType":"History", "deleted":"0", "process_failed_to_decrypt":"0", "process_pending_decryption":"0", "process_success":"250", "total":"250"}}
{"logTime": "0311/071500", "correlationVector":"hu7rT8556/wmOO4ZapfMwq.3","action":"GetUpdates Response", "result":"Success", "context":Received 250 update(s). cV=hu7rT8556/wmOO4ZapfMwq.0;server=akswtt005000008;cloudType=Consumer;environment=Prod_southeastasia_prod-s01-064-apac-southeastasia;migrationStage=NotStarted Some updates remain.}
{"logTime": "0311/071500", "correlationVector":"FECpz7u2ksPES11gdtJAeV","action":"Initial GetUpdates", "result":"", "context":Reason: NEWLY_SUPPORTED_DATATYPE. cV=FECpz7u2ksPES11gdtJAeV}
{"logTime": "0311/071502", "correlationVector":"FECpz7u2ksPES11gdtJAeV.1","action":"SyncServerConnectionManagerRequest", "result":"SYNC_SERVER_OK", "context":{"environment":"Prod_southeastasia_prod-s01-064-apac-southeastasia", "migrationStage":"NotStarted", "server":"akswtt00500003i"}}
{"logTime": "0311/071502", "correlationVector":"FECpz7u2ksPES11gdtJAeV.2","action":"ProcessGetUpdates", "result":"Done", "context":{"dataType":"History", "deleted":"0", "process_failed_to_decrypt":"0", "process_pending_decryption":"0", "process_success":"250", "total":"250"}}
{"logTime": "0311/071502", "correlationVector":"FECpz7u2ksPES11gdtJAeV.3","action":"GetUpdates Response", "result":"Success", "context":Received 250 update(s). cV=FECpz7u2ksPES11gdtJAeV.0;server=akswtt00500003i;cloudType=Consumer;environment=Prod_southeastasia_prod-s01-064-apac-southeastasia;migrationStage=NotStarted Some updates remain.}
{"logTime": "0311/071502", "correlationVector":"K1QyHUH23anDyta80nnxi1","action":"Initial GetUpdates", "result":"", "context":Reason: NEWLY_SUPPORTED_DATATYPE. cV=K1QyHUH23anDyta80nnxi1}
{"logTime": "0311/071503", "correlationVector":"K1QyHUH23anDyta80nnxi1.1","action":"SyncServerConnectionManagerRequest", "result":"SYNC_SERVER_OK", "context":{"environment":"Prod_southeastasia_prod-s01-064-apac-southeastasia", "migrationStage":"NotStarted", "server":"akswtt00500001z"}}
{"logTime": "0311/071503", "correlationVector":"K1QyHUH23anDyta80nnxi1.2","action":"ProcessGetUpdates", "result":"Done", "context":{"dataType":"History", "deleted":"0", "process_failed_to_decrypt":"0", "process_pending_decryption":"0", "process_success":"250", "total":"250"}}
{"logTime": "0311/071503", "correlationVector":"K1QyHUH23anDyta80nnxi1.3","action":"GetUpdates Response", "result":"Success", "context":Received 250 update(s). cV=K1QyHUH23anDyta80nnxi1.0;server=akswtt00500001z;cloudType=Consumer;environment=Prod_southeastasia_prod-s01-064-apac-southeastasia;migrationStage=NotStarted Some updates remain.}
{"logTime": "0311/071503", "correlationVector":"F6Byo/VcFBs82LQaqTWaxV","action":"Initial GetUpdates", "result":"", "context":Reason: NEWLY_SUPPORTED_DATATYPE. cV=F6Byo/VcFBs82LQaqTWaxV}
{"logTime": "0311/071504", "correlationVector":"F6Byo/VcFBs82LQaqTWaxV.1","action":"SyncServerConnectionManagerRequest", "result":"SYNC_SERVER_OK", "context":{"environment":"Prod_southeastasia_prod-s01-064-apac-southeastasia", "migrationStage":"NotStarted", "server":"akswtt00500002t"}}
{"logTime": "0311/071504", "correlationVector":"F6Byo/VcFBs82LQaqTWaxV.2","action":"ProcessGetUpdates", "result":"Done", "context":{"dataType":"History", "deleted":"0", "process_failed_to_decrypt":"0", "process_pending_decryption":"0", "process_success":"250", "total":"250"}}
{"logTime": "0311/071504", "correlationVector":"F6Byo/VcFBs82LQaqTWaxV.3","action":"GetUpdates Response", "result":"Success", "context":Received 250 update(s). cV=F6Byo/VcFBs82LQaqTWaxV.0;server=akswtt00500002t;cloudType=Consumer;environment=Prod_southeastasia_prod-s01-064-apac-southeastasia;migrationStage=NotStarted Some updates remain.}
{"logTime": "0311/071504", "correlationVector":"N+y4Hs3FFeJBMeLPCYgKxg","action":"Initial GetUpdates", "result":"", "context":Reason: NEWLY_SUPPORTED_DATATYPE. cV=N+y4Hs3FFeJBMeLPCYgKxg}
{"logTime": "0311/071506", "correlationVector":"N+y4Hs3FFeJBMeLPCYgKxg.1","action":"SyncServerConnectionManagerRequest", "result":"SYNC_SERVER_OK", "context":{"environment":"Prod_southeastasia_prod-s01-064-apac-southeastasia", "migrationStage":"NotStarted", "server":"akswtt005000008"}}
{"logTime": "0311/071506", "correlationVector":"N+y4Hs3FFeJBMeLPCYgKxg.2","action":"ProcessGetUpdates", "result":"Done", "context":{"dataType":"History", "deleted":"0", "process_failed_to_decrypt":"0", "process_pending_decryption":"0", "process_success":"250", "total":"250"}}
{"logTime": "0311/071506", "correlationVector":"N+y4Hs3FFeJBMeLPCYgKxg.3","action":"GetUpdates Response", "result":"Success", "context":Received 250 update(s). cV=N+y4Hs3FFeJBMeLPCYgKxg.0;server=akswtt005000008;cloudType=Consumer;environment=Prod_southeastasia_prod-s01-064-apac-southeastasia;migrationStage=NotStarted Some updates remain.}
{"logTime": "0311/071506", "correlationVector":"sSIydGoby9Bs1Snp8+WuFM","action":"Initial GetUpdates", "result":"", "context":Reason: NEWLY_SUPPORTED_DATATYPE. cV=sSIydGoby9Bs1Snp8+WuFM}
{"logTime": "0311/071507", "correlationVector":"sSIydGoby9Bs1Snp8+WuFM.1","action":"SyncServerConnectionManagerRequest", "result":"SYNC_SERVER_OK", "context":{"environment":"Prod_southeastasia_prod-s01-064-apac-southeastasia", "migrationStage":"NotStarted", "server":"akswtt00500003o"}}
{"logTime": "0311/071507", "correlationVector":"sSIydGoby9Bs1Snp8+WuFM.2","action":"ProcessGetUpdates", "result":"Done", "context":{"dataType":"History", "deleted":"0", "process_failed_to_decrypt":"0", "process_pending_decryption":"0", "process_success":"250", "total":"250"}}
{"logTime": "0311/071507", "correlationVector":"sSIydGoby9Bs1Snp8+WuFM.3","action":"GetUpdates Response", "result":"Success", "context":Received 250 update(s). cV=sSIydGoby9Bs1Snp8+WuFM.0;server=akswtt00500003o;cloudType=Consumer;environment=Prod_southeastasia_prod-s01-064-apac-southeastasia;migrationStage=NotStarted Some updates remain.}
{"logTime": "0311/071507", "correlationVector":"hDOFSdA7/7Ezm9e4ELZTr1","action":"Initial GetUpdates", "result":"", "context":Reason: NEWLY_SUPPORTED_DATATYPE. cV=hDOFSdA7/7Ezm9e4ELZTr1}
{"logTime": "0311/071508", "correlationVector":"hDOFSdA7/7Ezm9e4ELZTr1.1","action":"SyncServerConnectionManagerRequest", "result":"SYNC_SERVER_OK", "context":{"environment":"Prod_southeastasia_prod-s01-064-apac-southeastasia", "migrationStage":"NotStarted", "server":"akswtt00500002l"}}
{"logTime": "0311/071508", "correlationVector":"hDOFSdA7/7Ezm9e4ELZTr1.2","action":"ProcessGetUpdates", "result":"Done", "context":{"dataType":"History", "deleted":"0", "process_failed_to_decrypt":"0", "process_pending_decryption":"0", "process_success":"250", "total":"250"}}
{"logTime": "0311/071508", "correlationVector":"hDOFSdA7/7Ezm9e4ELZTr1.3","action":"GetUpdates Response", "result":"Success", "context":Received 250 update(s). cV=hDOFSdA7/7Ezm9e4ELZTr1.0;server=akswtt00500002l;cloudType=Consumer;environment=Prod_southeastasia_prod-s01-064-apac-southeastasia;migrationStage=NotStarted Some updates remain.}
{"logTime": "0311/071508", "correlationVector":"dpmxCEXeXyyFUj3HPK+N9S","action":"Initial GetUpdates", "result":"", "context":Reason: NEWLY_SUPPORTED_DATATYPE. cV=dpmxCEXeXyyFUj3HPK+N9S}
{"logTime": "0311/071509", "correlationVector":"dpmxCEXeXyyFUj3HPK+N9S.1","action":"SyncServerConnectionManagerRequest", "result":"SYNC_SERVER_OK", "context":{"environment":"Prod_southeastasia_prod-s01-064-apac-southeastasia", "migrationStage":"NotStarted", "server":"akswtt00500002p"}}
{"logTime": "0311/071509", "correlationVector":"dpmxCEXeXyyFUj3HPK+N9S.2","action":"ProcessGetUpdates", "result":"Done", "context":{"dataType":"History", "deleted":"0", "process_failed_to_decrypt":"0", "process_pending_decryption":"0", "process_success":"250", "total":"250"}}
{"logTime": "0311/071509", "correlationVector":"dpmxCEXeXyyFUj3HPK+N9S.3","action":"GetUpdates Response", "result":"Success", "context":Received 250 update(s). cV=dpmxCEXeXyyFUj3HPK+N9S.0;server=akswtt00500002p;cloudType=Consumer;environment=Prod_southeastasia_prod-s01-064-apac-southeastasia;migrationStage=NotStarted Some updates remain.}
{"logTime": "0311/071509", "correlationVector":"wqhWJ8rswgwF4O39a43zdX","action":"Initial GetUpdates", "result":"", "context":Reason: NEWLY_SUPPORTED_DATATYPE. cV=wqhWJ8rswgwF4O39a43zdX}
{"logTime": "0311/071510", "correlationVector":"wqhWJ8rswgwF4O39a43zdX.1","action":"SyncServerConnectionManagerRequest", "result":"SYNC_SERVER_OK", "context":{"environment":"Prod_southeastasia_prod-s01-064-apac-southeastasia", "migrationStage":"NotStarted", "server":"akswtt00500003i"}}
{"logTime": "0311/071510", "correlationVector":"wqhWJ8rswgwF4O39a43zdX.2","action":"ProcessGetUpdates", "result":"Done", "context":{"dataType":"History", "deleted":"0", "process_failed_to_decrypt":"0", "process_pending_decryption":"0", "process_success":"250", "total":"250"}}
{"logTime": "0311/071510", "correlationVector":"wqhWJ8rswgwF4O39a43zdX.3","action":"GetUpdates Response", "result":"Success", "context":Received 250 update(s). cV=wqhWJ8rswgwF4O39a43zdX.0;server=akswtt00500003i;cloudType=Consumer;environment=Prod_southeastasia_prod-s01-064-apac-southeastasia;migrationStage=NotStarted Some updates remain.}
{"logTime": "0311/071510", "correlationVector":"ncersczdx9WV5Ud1jqCCMy","action":"Initial GetUpdates", "result":"", "context":Reason: NEWLY_SUPPORTED_DATATYPE. cV=ncersczdx9WV5Ud1jqCCMy}
{"logTime": "0311/071511", "correlationVector":"ncersczdx9WV5Ud1jqCCMy.1","action":"SyncServerConnectionManagerRequest", "result":"SYNC_SERVER_OK", "context":{"environment":"Prod_southeastasia_prod-s01-064-apac-southeastasia", "migrationStage":"NotStarted", "server":"akswtt005000020"}}
{"logTime": "0311/071511", "correlationVector":"ncersczdx9WV5Ud1jqCCMy.2","action":"ProcessGetUpdates", "result":"Done", "context":{"dataType":"History", "deleted":"0", "process_failed_to_decrypt":"0", "process_pending_decryption":"0", "process_success":"250", "total":"250"}}
{"logTime": "0311/071511", "correlationVector":"ncersczdx9WV5Ud1jqCCMy.3","action":"GetUpdates Response", "result":"Success", "context":Received 250 update(s). cV=ncersczdx9WV5Ud1jqCCMy.0;server=akswtt005000020;cloudType=Consumer;environment=Prod_southeastasia_prod-s01-064-apac-southeastasia;migrationStage=NotStarted Some updates remain.}
{"logTime": "0311/071511", "correlationVector":"2GmJY6sSpDy3cNk6xVip+n","action":"Initial GetUpdates", "result":"", "context":Reason: NEWLY_SUPPORTED_DATATYPE. cV=2GmJY6sSpDy3cNk6xVip+n}
{"logTime": "0311/071513", "correlationVector":"2GmJY6sSpDy3cNk6xVip+n.1","action":"SyncServerConnectionManagerRequest", "result":"SYNC_SERVER_OK", "context":{"environment":"Prod_southeastasia_prod-s01-064-apac-southeastasia", "migrationStage":"NotStarted", "server":"akswtt00500001f"}}
{"logTime": "0311/071513", "correlationVector":"2GmJY6sSpDy3cNk6xVip+n.2","action":"ProcessGetUpdates", "result":"Done", "context":{"dataType":"History", "deleted":"0", "process_failed_to_decrypt":"0", "process_pending_decryption":"0", "process_success":"250", "total":"250"}}
{"logTime": "0311/071513", "correlationVector":"2GmJY6sSpDy3cNk6xVip+n.3","action":"GetUpdates Response", "result":"Success", "context":Received 250 update(s). cV=2GmJY6sSpDy3cNk6xVip+n.0;server=akswtt00500001f;cloudType=Consumer;environment=Prod_southeastasia_prod-s01-064-apac-southeastasia;migrationStage=NotStarted Some updates remain.}
{"logTime": "0311/071513", "correlationVector":"HHWuxewtuf+6rL8A8EiXUC","action":"Initial GetUpdates", "result":"", "context":Reason: NEWLY_SUPPORTED_DATATYPE. cV=HHWuxewtuf+6rL8A8EiXUC}
{"logTime": "0311/071515", "correlationVector":"HHWuxewtuf+6rL8A8EiXUC.1","action":"SyncServerConnectionManagerRequest", "result":"SYNC_SERVER_OK", "context":{"environment":"Prod_southeastasia_prod-s01-064-apac-southeastasia", "migrationStage":"NotStarted", "server":"akswtt00500003i"}}
{"logTime": "0311/071515", "correlationVector":"HHWuxewtuf+6rL8A8EiXUC.2","action":"ProcessGetUpdates", "result":"Done", "context":{"dataType":"History", "deleted":"0", "process_failed_to_decrypt":"0", "process_pending_decryption":"0", "process_success":"250", "total":"250"}}
{"logTime": "0311/071515", "correlationVector":"HHWuxewtuf+6rL8A8EiXUC.3","action":"GetUpdates Response", "result":"Success", "context":Received 250 update(s). cV=HHWuxewtuf+6rL8A8EiXUC.0;server=akswtt00500003i;cloudType=Consumer;environment=Prod_southeastasia_prod-s01-064-apac-southeastasia;migrationStage=NotStarted Some updates remain.}
{"logTime": "0311/071515", "correlationVector":"mGi7ti4/Xk9RdlLo0WTQX0","action":"Initial GetUpdates", "result":"", "context":Reason: NEWLY_SUPPORTED_DATATYPE. cV=mGi7ti4/Xk9RdlLo0WTQX0}
{"logTime": "0311/071516", "correlationVector":"mGi7ti4/Xk9RdlLo0WTQX0.1","action":"SyncServerConnectionManagerRequest", "result":"SYNC_SERVER_OK", "context":{"environment":"Prod_southeastasia_prod-s01-064-apac-southeastasia", "migrationStage":"NotStarted", "server":"akswtt00500003i"}}
{"logTime": "0311/071516", "correlationVector":"mGi7ti4/Xk9RdlLo0WTQX0.2","action":"ProcessGetUpdates", "result":"Done", "context":{"dataType":"History", "deleted":"0", "process_failed_to_decrypt":"0", "process_pending_decryption":"0", "process_success":"250", "total":"250"}}
{"logTime": "0311/071516", "correlationVector":"mGi7ti4/Xk9RdlLo0WTQX0.3","action":"GetUpdates Response", "result":"Success", "context":Received 250 update(s). cV=mGi7ti4/Xk9RdlLo0WTQX0.0;server=akswtt00500003i;cloudType=Consumer;environment=Prod_southeastasia_prod-s01-064-apac-southeastasia;migrationStage=NotStarted Some updates remain.}
{"logTime": "0311/071516", "correlationVector":"17u5jnvDrpQPkeOstD7f8h","action":"Initial GetUpdates", "result":"", "context":Reason: NEWLY_SUPPORTED_DATATYPE. cV=17u5jnvDrpQPkeOstD7f8h}
{"logTime": "0311/071517", "correlationVector":"17u5jnvDrpQPkeOstD7f8h.1","action":"SyncServerConnectionManagerRequest", "result":"SYNC_SERVER_OK", "context":{"environment":"Prod_southeastasia_prod-s01-064-apac-southeastasia", "migrationStage":"NotStarted", "server":"akswtt00500003b"}}
{"logTime": "0311/071517", "correlationVector":"17u5jnvDrpQPkeOstD7f8h.2","action":"ProcessGetUpdates", "result":"Done", "context":{"dataType":"History", "deleted":"0", "process_failed_to_decrypt":"0", "process_pending_decryption":"0", "process_success":"250", "total":"250"}}
{"logTime": "0311/071517", "correlationVector":"17u5jnvDrpQPkeOstD7f8h.3","action":"GetUpdates Response", "result":"Success", "context":Received 250 update(s). cV=17u5jnvDrpQPkeOstD7f8h.0;server=akswtt00500003b;cloudType=Consumer;environment=Prod_southeastasia_prod-s01-064-apac-southeastasia;migrationStage=NotStarted Some updates remain.}
{"logTime": "0311/071517", "correlationVector":"4zNVjqbCK3SRIPsecDgReY","action":"Initial GetUpdates", "result":"", "context":Reason: NEWLY_SUPPORTED_DATATYPE. cV=4zNVjqbCK3SRIPsecDgReY}
{"logTime": "0311/071517", "correlationVector":"4zNVjqbCK3SRIPsecDgReY.1","action":"SyncServerConnectionManagerRequest", "result":"SYNC_SERVER_OK", "context":{"environment":"Prod_southeastasia_prod-s01-064-apac-southeastasia", "migrationStage":"NotStarted", "server":"akswtt00500001z"}}
{"logTime": "0311/071517", "correlationVector":"4zNVjqbCK3SRIPsecDgReY.2","action":"ProcessGetUpdates", "result":"Done", "context":{"dataType":"History", "deleted":"0", "process_failed_to_decrypt":"0", "process_pending_decryption":"0", "process_success":"92", "total":"92"}}
{"logTime": "0311/071517", "correlationVector":"4zNVjqbCK3SRIPsecDgReY.3","action":"GetUpdates Response", "result":"Success", "context":Received 92 update(s). cV=4zNVjqbCK3SRIPsecDgReY.0;server=akswtt00500001z;cloudType=Consumer;environment=Prod_southeastasia_prod-s01-064-apac-southeastasia;migrationStage=NotStarted}
{"logTime": "0311/071517", "correlationVector":"rhOITFZMMse0fVXna3lNjn","action":"Normal GetUpdate request", "result":"", "context":cV=rhOITFZMMse0fVXna3lNjn
Nudged types: Bookmarks, Preferences, Sessions, Device Info, User Consents
Refresh requested types: Bookmarks, Preferences, Passwords, Autofill Profiles, Autofill, Extensions, Sessions, Extension settings, History Delete Directives, Device Info, User Consents, Send Tab To Self, Web Apps, History, Collection, Edge E Drop, Edge Hub App Usage, Edge Tab Group, Edge Wallet, Encryption Keys}
{"logTime": "0311/071518", "correlationVector":"rhOITFZMMse0fVXna3lNjn.1","action":"SyncServerConnectionManagerRequest", "result":"SYNC_SERVER_OK", "context":{"environment":"Prod_southeastasia_prod-s01-064-apac-southeastasia", "migrationStage":"NotStarted", "server":"akswtt00500003n"}}
{"logTime": "0311/071518", "correlationVector":"rhOITFZMMse0fVXna3lNjn.2","action":"GetUpdates Response", "result":"Success", "context":Received 0 update(s). cV=rhOITFZMMse0fVXna3lNjn.0;server=akswtt00500003n;cloudType=Consumer;environment=Prod_southeastasia_prod-s01-064-apac-southeastasia;migrationStage=NotStarted}
{"logTime": "0311/071518", "correlationVector":"RZzFt+FAci3DnZOtZSS2P9","action":"Commit Request", "result":"", "context":Item count: 36
Contributing types: Bookmarks, Preferences, Sessions, Device Info, User Consents}
{"logTime": "0311/071521", "correlationVector":"RZzFt+FAci3DnZOtZSS2P9.1","action":"SyncServerConnectionManagerRequest", "result":"SYNC_SERVER_OK", "context":{"environment":"Prod_southeastasia_prod-s01-064-apac-southeastasia", "migrationStage":"NotStarted", "server":"akswtt005000016"}}
{"logTime": "0311/071521", "correlationVector":"RZzFt+FAci3DnZOtZSS2P9.2","action":"Commit Response", "result":"Success", "context":Result: Success. cV=RZzFt+FAci3DnZOtZSS2P9.0;server=akswtt005000016;cloudType=Consumer;environment=Prod_southeastasia_prod-s01-064-apac-southeastasia;migrationStage=NotStarted}
